SWITCH from C:\Users\ahroot\Documents\Logfile.rlog.2025.09.03
RLM Report Log Format 0, version 14.1, authenticated
ISV: afrlm, RLM version 14.1 BL3
Logfile format Copyright (C) 2006-2020 Reprise Software, Inc.
For documentation on this format, email info@reprisesoftware.com
You are encouraged to build tools to process this data.

START AITS25A1PC0040 09/04/2025 00:00:04
TIMEZONE -420 0 # SE Asia Standard Time SE Asia Daylight Time, -420 minutes west of UTC, daylight: 0
LICENSE FILE 
LICENSE FILE AutoForm-AITS25A1PC0040-old.lic
LICENSE FILE AutoForm-AITS25A1PC0040.lic
PRODUCT af_company_string 5.0 1 0 0 0 "ANY" "271587" "AAPICO HITECH PUBLIC COMPANY LIMITED, Ayuthaya, 13160, Thailand" "" "" "" 0 0 0 0 0 0 0 0 0
PRODUCT af_license_id_272035 5.0 2 0 0 0 "ANY" "18014130" "" "" "" "" 0 0 0 0 0 0 0 0 0
PRODUCT af_solver_addon 5.0 3 1 0 1 "" "" "" "" "" "" 4 2 0 0 0 0 0 0 0
PRODUCT af_sigma2_addon 5.0 4 1 0 1 "" "" "" "" "" "" 4 4 0 0 0 0 0 0 0
PRODUCT af_trim_addon 5.0 5 1 0 1 "" "" "" "" "" "" 4 3 0 0 0 0 0 0 0
PRODUCT triboform_plugin4autoform 5.0 6 1 0 1 "" "" "" "" "" "" 4 2 0 0 0 0 0 0 0
PRODUCT af_autoform_seat_nu 5.0 7 1 0 1 "" "" "" "" "" "" 0 0 0 1 0 0 0 0 0
PRODUCT af_workspace_addon_nu 5.0 8 1 0 1 "" "" "" "" "" "" 0 0 0 1 0 0 0 0 0
PRODUCT af_autoform_seat_nu 5.0 9 2 0 2 "" "" "" "" "" "" 0 0 0 2 0 0 0 0 0
PRODUCT af_workspace_addon_nu 5.0 10 2 0 2 "" "" "" "" "" "" 0 0 0 2 0 0 0 0 0
PRODUCT af_diedesigner_addon_nu 5.0 11 1 0 1 "" "" "" "" "" "" 0 0 0 1 0 0 0 0 0
PRODUCT af_diedesigner_addon_nu 5.0 12 2 0 2 "" "" "" "" "" "" 0 0 0 2 0 0 0 0 0
PRODUCT af_explorer_addon_nu 5.0 13 2 0 2 "" "" "" "" "" "" 0 0 0 2 0 0 0 0 0
PRODUCT af_explorer_addon_nu 5.0 14 1 0 1 "" "" "" "" "" "" 0 0 0 1 0 0 0 0 0
PRODUCT af_stampingadviser_addon_nu 5.0 15 2 0 2 "" "" "" "" "" "" 0 0 0 2 0 0 0 0 0
PRODUCT af_stampingadviser_addon_nu 5.0 16 1 0 1 "" "" "" "" "" "" 0 0 0 1 0 0 0 0 0
PRODUCT af_compensator_addon_nu 5.0 17 1 0 1 "" "" "" "" "" "" 0 0 0 1 0 0 0 0 0
PRODUCT af_processdesignerforcatia_addon_nl 5.0 18 1 0 1 "afhostid=54BF647D609DF23F3387" "" "" "" "" "" 0 0 0 0 0 0 0 0 0
INUSE af_company_string 5.0 1 apichart.c aits25a1nb0300 "5sW6myN3bSv5XUPtiOQbOnczPgayNcXC" 1 5e 5e a754 09/04 00:00:04
INUSE af_company_string 5.0 1 piyaphong.t ah18itpc0060 "8lpt9Hf6eenisom8S7fGJ0pAPqwt3N4m" 1 5cb 5cb cac0 09/04 00:00:04
INUSE af_company_string 5.0 1 piyaphong.t ah18itpc0060 "8lpt9Hf6eenisom8S7fGJ0pAPqwt3N4m" 1 465 465 11d00 09/04 00:00:04
INUSE af_solver_addon 5.0 3 apichart.c aits25a1nb0300 "425BA246DCCE14379415671486DD8EF0" 1 1db 1db 10290 09/04 00:00:04
INUSE af_autoform_seat_nu 5.0 9 apichart.c aits25a1nb0300 "5sW6myN3bSv5XUPtiOQbOnczPgayNcXC" 1 32b 32b a754 09/04 00:00:04
INUSE af_autoform_seat_nu 5.0 9 piyaphong.t ah18itpc0060 "8lpt9Hf6eenisom8S7fGJ0pAPqwt3N4m" 1 514 514 cac0 09/04 00:00:04
INUSE af_diedesigner_addon_nu 5.0 12 apichart.c aits25a1nb0300 "5sW6myN3bSv5XUPtiOQbOnczPgayNcXC" 1 35e 35e a754 09/04 00:00:04
INUSE af_diedesigner_addon_nu 5.0 12 piyaphong.t ah18itpc0060 "8lpt9Hf6eenisom8S7fGJ0pAPqwt3N4m" 1 565 565 cac0 09/04 00:00:04
INUSE af_explorer_addon_nu 5.0 13 piyaphong.t ah18itpc0060 "8lpt9Hf6eenisom8S7fGJ0pAPqwt3N4m" 1 11f 11f cac0 09/04 00:00:04
INUSE af_explorer_addon_nu 5.0 14 apichart.c aits25a1nb0300 "5sW6myN3bSv5XUPtiOQbOnczPgayNcXC" 1 3a9 3a9 a754 09/04 00:00:04
INUSE af_stampingadviser_addon_nu 5.0 15 piyaphong.t ah18itpc0060 "8lpt9Hf6eenisom8S7fGJ0pAPqwt3N4m" 1 25d 25d cac0 09/04 00:00:04
INUSE af_stampingadviser_addon_nu 5.0 16 apichart.c aits25a1nb0300 "5sW6myN3bSv5XUPtiOQbOnczPgayNcXC" 1 5ab 5ab a754 09/04 00:00:04
INUSE af_compensator_addon_nu 5.0 17 apichart.c aits25a1nb0300 "5sW6myN3bSv5XUPtiOQbOnczPgayNcXC" 1 191 191 a754 09/04 00:00:04
09/04/2025 00:00
REREAD automatic midnight 09/04 00:00:06
PRODUCT af_company_string 5.0 1 0 0 0 "ANY" "271587" "AAPICO HITECH PUBLIC COMPANY LIMITED, Ayuthaya, 13160, Thailand" "" "" "" 0 0 0 0 0 0 0 0 0
PRODUCT af_license_id_272035 5.0 2 0 0 0 "ANY" "18014130" "" "" "" "" 0 0 0 0 0 0 0 0 0
PRODUCT af_solver_addon 5.0 3 1 0 1 "" "" "" "" "" "" 4 2 0 0 0 0 0 0 0
PRODUCT af_sigma2_addon 5.0 4 1 0 1 "" "" "" "" "" "" 4 4 0 0 0 0 0 0 0
PRODUCT af_trim_addon 5.0 5 1 0 1 "" "" "" "" "" "" 4 3 0 0 0 0 0 0 0
PRODUCT triboform_plugin4autoform 5.0 6 1 0 1 "" "" "" "" "" "" 4 2 0 0 0 0 0 0 0
PRODUCT af_autoform_seat_nu 5.0 7 1 0 1 "" "" "" "" "" "" 0 0 0 1 0 0 0 0 0
PRODUCT af_workspace_addon_nu 5.0 8 1 0 1 "" "" "" "" "" "" 0 0 0 1 0 0 0 0 0
PRODUCT af_autoform_seat_nu 5.0 9 2 0 2 "" "" "" "" "" "" 0 0 0 2 0 0 0 0 0
PRODUCT af_workspace_addon_nu 5.0 10 2 0 2 "" "" "" "" "" "" 0 0 0 2 0 0 0 0 0
PRODUCT af_diedesigner_addon_nu 5.0 11 1 0 1 "" "" "" "" "" "" 0 0 0 1 0 0 0 0 0
PRODUCT af_diedesigner_addon_nu 5.0 12 2 0 2 "" "" "" "" "" "" 0 0 0 2 0 0 0 0 0
PRODUCT af_explorer_addon_nu 5.0 13 2 0 2 "" "" "" "" "" "" 0 0 0 2 0 0 0 0 0
PRODUCT af_explorer_addon_nu 5.0 14 1 0 1 "" "" "" "" "" "" 0 0 0 1 0 0 0 0 0
PRODUCT af_stampingadviser_addon_nu 5.0 15 2 0 2 "" "" "" "" "" "" 0 0 0 2 0 0 0 0 0
AUTH: 1 60p04510d298bw8xdx2g65phsdbh1gs807tnsag22gjqxmtj02yq035xd32fsd1rue90afgjyr
PRODUCT af_stampingadviser_addon_nu 5.0 16 1 0 1 "" "" "" "" "" "" 0 0 0 1 0 0 0 0 0
PRODUCT af_compensator_addon_nu 5.0 17 1 0 1 "" "" "" "" "" "" 0 0 0 1 0 0 0 0 0
PRODUCT af_processdesignerforcatia_addon_nl 5.0 18 1 0 1 "afhostid=54BF647D609DF23F3387" "" "" "" "" "" 0 0 0 0 0 0 0 0 0
INUSE af_company_string 5.0 1 apichart.c aits25a1nb0300 "5sW6myN3bSv5XUPtiOQbOnczPgayNcXC" 1 5e 5e a754 09/04 00:00:10
INUSE af_company_string 5.0 1 piyaphong.t ah18itpc0060 "8lpt9Hf6eenisom8S7fGJ0pAPqwt3N4m" 1 5cb 5cb cac0 09/04 00:00:10
INUSE af_company_string 5.0 1 piyaphong.t ah18itpc0060 "8lpt9Hf6eenisom8S7fGJ0pAPqwt3N4m" 1 465 465 11d00 09/04 00:00:10
INUSE af_solver_addon 5.0 3 apichart.c aits25a1nb0300 "425BA246DCCE14379415671486DD8EF0" 1 1db 1db 10290 09/04 00:00:10
INUSE af_autoform_seat_nu 5.0 9 apichart.c aits25a1nb0300 "5sW6myN3bSv5XUPtiOQbOnczPgayNcXC" 1 32b 32b a754 09/04 00:00:10
INUSE af_autoform_seat_nu 5.0 9 piyaphong.t ah18itpc0060 "8lpt9Hf6eenisom8S7fGJ0pAPqwt3N4m" 1 514 514 cac0 09/04 00:00:10
INUSE af_diedesigner_addon_nu 5.0 12 apichart.c aits25a1nb0300 "5sW6myN3bSv5XUPtiOQbOnczPgayNcXC" 1 35e 35e a754 09/04 00:00:10
INUSE af_diedesigner_addon_nu 5.0 12 piyaphong.t ah18itpc0060 "8lpt9Hf6eenisom8S7fGJ0pAPqwt3N4m" 1 565 565 cac0 09/04 00:00:10
INUSE af_explorer_addon_nu 5.0 13 piyaphong.t ah18itpc0060 "8lpt9Hf6eenisom8S7fGJ0pAPqwt3N4m" 1 11f 11f cac0 09/04 00:00:10
INUSE af_explorer_addon_nu 5.0 14 apichart.c aits25a1nb0300 "5sW6myN3bSv5XUPtiOQbOnczPgayNcXC" 1 3a9 3a9 a754 09/04 00:00:10
INUSE af_stampingadviser_addon_nu 5.0 15 piyaphong.t ah18itpc0060 "8lpt9Hf6eenisom8S7fGJ0pAPqwt3N4m" 1 25d 25d cac0 09/04 00:00:10
INUSE af_stampingadviser_addon_nu 5.0 16 apichart.c aits25a1nb0300 "5sW6myN3bSv5XUPtiOQbOnczPgayNcXC" 1 5ab 5ab a754 09/04 00:00:10
INUSE af_compensator_addon_nu 5.0 17 apichart.c aits25a1nb0300 "5sW6myN3bSv5XUPtiOQbOnczPgayNcXC" 1 191 191 a754 09/04 00:00:10
DENY af_solver_addon 5.0 apichart.c aits25a1nb0300 "FDF3BCA46C96ABB11A977CAEA8376E7C" 1 -22 1 485c 09/04 00:00
DENY af_solver_addon 5.0 apichart.c aits25a1nb0300 "B49DF3CA451EE53BBCC79B01798BCBC4" 1 -22 1 485c 09/04 00:00
DENY af_solver_addon 5.0 apichart.c aits25a1nb0300 "EE8AE9D5B9B7033401380C40179F301E" 1 -22 1 485c 09/04 00:00
DENY af_solver_addon 5.0 apichart.c aits25a1nb0300 "720D7203BB88526E2CC6258BB9554C4B" 1 -22 1 485c 09/04 00:00
DENY af_solver_addon 5.0 apichart.c aits25a1nb0300 "FDF3BCA46C96ABB11A977CAEA8376E7C" 1 -22 1 485c 09/04 00:01
DENY af_solver_addon 5.0 apichart.c aits25a1nb0300 "B49DF3CA451EE53BBCC79B01798BCBC4" 1 -22 1 485c 09/04 00:01
DENY af_solver_addon 5.0 apichart.c aits25a1nb0300 "EE8AE9D5B9B7033401380C40179F301E" 1 -22 1 485c 09/04 00:01
DENY af_solver_addon 5.0 apichart.c aits25a1nb0300 "720D7203BB88526E2CC6258BB9554C4B" 1 -22 1 485c 09/04 00:01
DENY af_solver_addon 5.0 apichart.c aits25a1nb0300 "FDF3BCA46C96ABB11A977CAEA8376E7C" 1 -22 1 485c 09/04 00:02
DENY af_solver_addon 5.0 apichart.c aits25a1nb0300 "B49DF3CA451EE53BBCC79B01798BCBC4" 1 -22 1 485c 09/04 00:02
DENY af_solver_addon 5.0 apichart.c aits25a1nb0300 "EE8AE9D5B9B7033401380C40179F301E" 1 -22 1 485c 09/04 00:02
DENY af_solver_addon 5.0 apichart.c aits25a1nb0300 "720D7203BB88526E2CC6258BB9554C4B" 1 -22 1 485c 09/04 00:02
DENY af_solver_addon 5.0 apichart.c aits25a1nb0300 "FDF3BCA46C96ABB11A977CAEA8376E7C" 1 -22 1 485c 09/04 00:03
DENY af_solver_addon 5.0 apichart.c aits25a1nb0300 "B49DF3CA451EE53BBCC79B01798BCBC4" 1 -22 1 485c 09/04 00:03
DENY af_solver_addon 5.0 apichart.c aits25a1nb0300 "EE8AE9D5B9B7033401380C40179F301E" 1 -22 1 485c 09/04 00:03
DENY af_solver_addon 5.0 apichart.c aits25a1nb0300 "720D7203BB88526E2CC6258BB9554C4B" 1 -22 1 485c 09/04 00:03
IN 1 af_solver_addon 5.0 apichart.c aits25a1nb0300 "425BA246DCCE14379415671486DD8EF0" 1 0 0 1db 09/04 00:04:24
OUT af_solver_addon 5.0 3 apichart.c aits25a1nb0300 "FDF3BCA46C96ABB11A977CAEA8376E7C" 1 1 0 1dc 1dc 485c "" "" "" 09/04 00:04:48
OUT af_solver_addon 5.0 3 apichart.c aits25a1nb0300 "FDF3BCA46C96ABB11A977CAEA8376E7C" 1 1 0 150 1dc 4da8 "" "" "" 09/04 00:04:49
OUT af_company_string 5.0 1 apichart.c aits25a1nb0300 "FDF3BCA46C96ABB11A977CAEA8376E7C" 1 4 0 4dd 4dd 4da8 "" "" "" 09/04 00:04:50
09/04/2025 00:30
IN 1 af_company_string 5.0 piyaphong.t ah18itpc0060 "8lpt9Hf6eenisom8S7fGJ0pAPqwt3N4m" 1 3 0 465 09/04 01:00:01
OUT af_company_string 5.0 1 piyaphong.t ah18itpc0060 "8lpt9Hf6eenisom8S7fGJ0pAPqwt3N4m" 1 4 0 466 466 11d00 "" "" "" 09/04 01:00:01
IN 1 af_company_string 5.0 piyaphong.t ah18itpc0060 "8lpt9Hf6eenisom8S7fGJ0pAPqwt3N4m" 1 3 0 5cb 09/04 01:00:08
09/04/2025 01:00
IN 1 af_autoform_seat_nu 5.0 piyaphong.t ah18itpc0060 "8lpt9Hf6eenisom8S7fGJ0pAPqwt3N4m" 1 1 0 514 09/04 01:00:08
IN 1 af_diedesigner_addon_nu 5.0 piyaphong.t ah18itpc0060 "8lpt9Hf6eenisom8S7fGJ0pAPqwt3N4m" 1 1 0 565 09/04 01:00:08
IN 1 af_explorer_addon_nu 5.0 piyaphong.t ah18itpc0060 "8lpt9Hf6eenisom8S7fGJ0pAPqwt3N4m" 1 0 0 11f 09/04 01:00:08
AUTH: 2 60p04536hn11uckkum19mwg7juj64x7ftmcd2s822gwshw7ytubckb42ksrceq7w2g2cxe1urm
IN 1 af_stampingadviser_addon_nu 5.0 piyaphong.t ah18itpc0060 "8lpt9Hf6eenisom8S7fGJ0pAPqwt3N4m" 1 0 0 25d 09/04 01:00:08
OUT af_autoform_seat_nu 5.0 9 piyaphong.t ah18itpc0060 "8lpt9Hf6eenisom8S7fGJ0pAPqwt3N4m" 1 2 0 25e 25e cac0 "" "" "" 09/04 01:00:08
OUT af_company_string 5.0 1 piyaphong.t ah18itpc0060 "8lpt9Hf6eenisom8S7fGJ0pAPqwt3N4m" 1 4 0 120 120 cac0 "" "" "" 09/04 01:00:08
OUT af_diedesigner_addon_nu 5.0 12 piyaphong.t ah18itpc0060 "8lpt9Hf6eenisom8S7fGJ0pAPqwt3N4m" 1 2 0 566 566 cac0 "" "" "" 09/04 01:00:08
OUT af_explorer_addon_nu 5.0 13 piyaphong.t ah18itpc0060 "8lpt9Hf6eenisom8S7fGJ0pAPqwt3N4m" 1 1 0 515 515 cac0 "" "" "" 09/04 01:00:08
OUT af_stampingadviser_addon_nu 5.0 15 piyaphong.t ah18itpc0060 "8lpt9Hf6eenisom8S7fGJ0pAPqwt3N4m" 1 1 0 5cc 5cc cac0 "" "" "" 09/04 01:00:08
IN 4 af_company_string 5.0 apichart.c aits25a1nb0300 "FDF3BCA46C96ABB11A977CAEA8376E7C" 1 3 0 4dd 09/04 01:05:08
IN 4 af_solver_addon 5.0 apichart.c aits25a1nb0300 "FDF3BCA46C96ABB11A977CAEA8376E7C" 1 1 0 1dc 09/04 01:05:08
IN 1 af_company_string 5.0 apichart.c aits25a1nb0300 "5sW6myN3bSv5XUPtiOQbOnczPgayNcXC" 1 2 0 5e 09/04 01:07:52
IN 1 af_autoform_seat_nu 5.0 apichart.c aits25a1nb0300 "5sW6myN3bSv5XUPtiOQbOnczPgayNcXC" 1 1 0 32b 09/04 01:07:52
IN 1 af_explorer_addon_nu 5.0 apichart.c aits25a1nb0300 "5sW6myN3bSv5XUPtiOQbOnczPgayNcXC" 1 0 0 3a9 09/04 01:07:52
IN 1 af_stampingadviser_addon_nu 5.0 apichart.c aits25a1nb0300 "5sW6myN3bSv5XUPtiOQbOnczPgayNcXC" 1 0 0 5ab 09/04 01:07:52
IN 1 af_diedesigner_addon_nu 5.0 apichart.c aits25a1nb0300 "5sW6myN3bSv5XUPtiOQbOnczPgayNcXC" 1 1 0 35e 09/04 01:07:52
IN 1 af_compensator_addon_nu 5.0 apichart.c aits25a1nb0300 "5sW6myN3bSv5XUPtiOQbOnczPgayNcXC" 1 0 0 191 09/04 01:07:52
OUT af_autoform_seat_nu 5.0 9 apichart.c aits25a1nb0300 "5sW6myN3bSv5XUPtiOQbOnczPgayNcXC" 1 2 0 192 192 a754 "" "" "" 09/04 01:07:52
OUT af_company_string 5.0 1 apichart.c aits25a1nb0300 "5sW6myN3bSv5XUPtiOQbOnczPgayNcXC" 1 3 0 35f 35f a754 "" "" "" 09/04 01:07:52
OUT af_compensator_addon_nu 5.0 17 apichart.c aits25a1nb0300 "5sW6myN3bSv5XUPtiOQbOnczPgayNcXC" 1 1 0 5ac 5ac a754 "" "" "" 09/04 01:07:52
OUT af_diedesigner_addon_nu 5.0 12 apichart.c aits25a1nb0300 "5sW6myN3bSv5XUPtiOQbOnczPgayNcXC" 1 2 0 3aa 3aa a754 "" "" "" 09/04 01:07:52
OUT af_explorer_addon_nu 5.0 14 apichart.c aits25a1nb0300 "5sW6myN3bSv5XUPtiOQbOnczPgayNcXC" 1 1 0 32c 32c a754 "" "" "" 09/04 01:07:52
OUT af_stampingadviser_addon_nu 5.0 16 apichart.c aits25a1nb0300 "5sW6myN3bSv5XUPtiOQbOnczPgayNcXC" 1 1 0 5f 5f a754 "" "" "" 09/04 01:07:52
IN 1 af_solver_addon 5.0 apichart.c aits25a1nb0300 "FDF3BCA46C96ABB11A977CAEA8376E7C" 1 0 0 150 09/04 01:15:58
OUT af_solver_addon 5.0 3 apichart.c aits25a1nb0300 "B49DF3CA451EE53BBCC79B01798BCBC4" 1 1 0 151 151 485c "" "" "" 09/04 01:15:59
OUT af_solver_addon 5.0 3 apichart.c aits25a1nb0300 "B49DF3CA451EE53BBCC79B01798BCBC4" 1 1 0 1dd 151 21c "" "" "" 09/04 01:16:00
OUT af_company_string 5.0 1 apichart.c aits25a1nb0300 "B49DF3CA451EE53BBCC79B01798BCBC4" 1 4 0 4de 4de 21c "" "" "" 09/04 01:16:00
09/04/2025 01:30
09/04/2025 02:00
IN 4 af_company_string 5.0 apichart.c aits25a1nb0300 "B49DF3CA451EE53BBCC79B01798BCBC4" 1 3 0 4de 09/04 02:16:20
IN 4 af_solver_addon 5.0 apichart.c aits25a1nb0300 "B49DF3CA451EE53BBCC79B01798BCBC4" 1 1 0 151 09/04 02:16:20
IN 1 af_solver_addon 5.0 apichart.c aits25a1nb0300 "B49DF3CA451EE53BBCC79B01798BCBC4" 1 0 0 1dd 09/04 02:23:23
OUT af_solver_addon 5.0 3 apichart.c aits25a1nb0300 "EE8AE9D5B9B7033401380C40179F301E" 1 1 0 1de 1de 485c "" "" "" 09/04 02:23:24
OUT af_solver_addon 5.0 3 apichart.c aits25a1nb0300 "EE8AE9D5B9B7033401380C40179F301E" 1 1 0 152 1de 11b2c "" "" "" 09/04 02:23:25
OUT af_company_string 5.0 1 apichart.c aits25a1nb0300 "EE8AE9D5B9B7033401380C40179F301E" 1 4 0 4df 4df 11b2c "" "" "" 09/04 02:23:26
09/04/2025 02:30
09/04/2025 03:00
IN 4 af_solver_addon 5.0 apichart.c aits25a1nb0300 "EE8AE9D5B9B7033401380C40179F301E" 1 1 0 1de 09/04 03:23:26
IN 4 af_company_string 5.0 apichart.c aits25a1nb0300 "EE8AE9D5B9B7033401380C40179F301E" 1 3 0 4df 09/04 03:24:26
IN 1 af_solver_addon 5.0 apichart.c aits25a1nb0300 "EE8AE9D5B9B7033401380C40179F301E" 1 0 0 152 09/04 03:29:26
OUT af_solver_addon 5.0 3 apichart.c aits25a1nb0300 "720D7203BB88526E2CC6258BB9554C4B" 1 1 0 153 153 485c "" "" "" 09/04 03:29:27
OUT af_solver_addon 5.0 3 apichart.c aits25a1nb0300 "720D7203BB88526E2CC6258BB9554C4B" 1 1 0 4e0 153 28d8 "" "" "" 09/04 03:29:29
OUT af_company_string 5.0 1 apichart.c aits25a1nb0300 "720D7203BB88526E2CC6258BB9554C4B" 1 4 0 1df 1df 28d8 "" "" "" 09/04 03:29:29
09/04/2025 03:30
09/04/2025 04:00
IN 4 af_company_string 5.0 apichart.c aits25a1nb0300 "720D7203BB88526E2CC6258BB9554C4B" 1 3 0 1df 09/04 04:29:30
IN 4 af_solver_addon 5.0 apichart.c aits25a1nb0300 "720D7203BB88526E2CC6258BB9554C4B" 1 1 0 153 09/04 04:29:30
09/04/2025 04:30
IN 1 af_solver_addon 5.0 apichart.c aits25a1nb0300 "720D7203BB88526E2CC6258BB9554C4B" 1 0 0 4e0 09/04 04:30:55
09/04/2025 05:00
09/04/2025 05:30
AUTH: 3 60q04580hfygswv08db5xkrpfnd7aq2ncx1axqqb08ag13xftp9wvmcv60h9yaf25cc5bww4hhb4a
OUT af_company_string 5.0 1 piyaphong.t ah18itpc0060 "" 1 4 0 4e1 4e1 cac0 "" "" "" 09/04 05:33:21
IN 1 af_company_string 5.0 piyaphong.t ah18itpc0060 "" 1 3 0 4e1 09/04 05:33:21
OUT af_company_string 5.0 1 piyaphong.t ah18itpc0060 "8lpt9Hf6eenisom8S7fGJ0pAPqwt3N4m" 1 4 0 4e2 4e2 11d00 "" "" "" 09/04 05:33:21
IN 2 af_company_string 5.0 piyaphong.t ah18itpc0060 "8lpt9Hf6eenisom8S7fGJ0pAPqwt3N4m" 1 3 0 466 09/04 05:41:42
09/04/2025 06:01
09/04/2025 06:31
09/04/2025 07:01
IN 2 af_autoform_seat_nu 5.0 apichart.c aits25a1nb0300 "5sW6myN3bSv5XUPtiOQbOnczPgayNcXC" 1 1 0 192 09/04 07:23:44
IN 2 af_company_string 5.0 apichart.c aits25a1nb0300 "5sW6myN3bSv5XUPtiOQbOnczPgayNcXC" 1 2 0 35f 09/04 07:23:44
IN 2 af_compensator_addon_nu 5.0 apichart.c aits25a1nb0300 "5sW6myN3bSv5XUPtiOQbOnczPgayNcXC" 1 0 0 5ac 09/04 07:23:44
IN 2 af_diedesigner_addon_nu 5.0 apichart.c aits25a1nb0300 "5sW6myN3bSv5XUPtiOQbOnczPgayNcXC" 1 1 0 3aa 09/04 07:23:44
IN 2 af_explorer_addon_nu 5.0 apichart.c aits25a1nb0300 "5sW6myN3bSv5XUPtiOQbOnczPgayNcXC" 1 0 0 32c 09/04 07:23:44
IN 2 af_stampingadviser_addon_nu 5.0 apichart.c aits25a1nb0300 "5sW6myN3bSv5XUPtiOQbOnczPgayNcXC" 1 0 0 5f 09/04 07:23:44
09/04/2025 07:31
09/04/2025 08:01
OUT af_solver_addon 5.0 3 system aits25a1pc0040 "977BCBB4E4FB35A2DF098BB6A592EC00" 1 1 0 60 60 4b2c "" "" "" 09/04 08:08:41
OUT af_solver_addon 5.0 3 system aits25a1pc0040 "977BCBB4E4FB35A2DF098BB6A592EC00" 1 1 0 32d 60 3db8 "" "" "" 09/04 08:08:42
OUT af_company_string 5.0 1 system aits25a1pc0040 "977BCBB4E4FB35A2DF098BB6A592EC00" 1 3 0 3ab 3ab 3db8 "" "" "" 09/04 08:08:42
IN 1 af_solver_addon 5.0 system aits25a1pc0040 "977BCBB4E4FB35A2DF098BB6A592EC00" 1 1 0 32d 09/04 08:12:37
IN 1 af_company_string 5.0 system aits25a1pc0040 "977BCBB4E4FB35A2DF098BB6A592EC00" 1 2 0 3ab 09/04 08:12:37
IN 1 af_solver_addon 5.0 system aits25a1pc0040 "977BCBB4E4FB35A2DF098BB6A592EC00" 1 0 0 60 09/04 08:12:37
OUT af_solver_addon 5.0 3 system aits25a1pc0040 "09BCB68B52C6EFE4D084CB181DED0A80" 1 1 0 61 61 5f74 "" "" "" 09/04 08:17:23
OUT af_solver_addon 5.0 3 system aits25a1pc0040 "09BCB68B52C6EFE4D084CB181DED0A80" 1 1 0 3ac 61 659c "" "" "" 09/04 08:17:24
OUT af_company_string 5.0 1 system aits25a1pc0040 "09BCB68B52C6EFE4D084CB181DED0A80" 1 3 0 32e 32e 659c "" "" "" 09/04 08:17:24
IN 1 af_solver_addon 5.0 system aits25a1pc0040 "09BCB68B52C6EFE4D084CB181DED0A80" 1 1 0 3ac 09/04 08:18:55
IN 1 af_company_string 5.0 system aits25a1pc0040 "09BCB68B52C6EFE4D084CB181DED0A80" 1 2 0 32e 09/04 08:18:55
IN 1 af_solver_addon 5.0 system aits25a1pc0040 "09BCB68B52C6EFE4D084CB181DED0A80" 1 0 0 61 09/04 08:18:55
OUT af_solver_addon 5.0 3 system aits25a1pc0040 "7E9626C8BB5C5F3FF07478236BCCC83A" 1 1 0 62 62 28a8 "" "" "" 09/04 08:22:43
OUT af_solver_addon 5.0 3 system aits25a1pc0040 "7E9626C8BB5C5F3FF07478236BCCC83A" 1 1 0 32f 62 6098 "" "" "" 09/04 08:22:43
OUT af_company_string 5.0 1 system aits25a1pc0040 "7E9626C8BB5C5F3FF07478236BCCC83A" 1 3 0 3ad 3ad 6098 "" "" "" 09/04 08:22:44
OUT af_company_string 5.0 1 apichart.c aits25a1nb0300 "d0hRt03QuvduAQTTHoxlbw5ORDrY2Fdw" 1 4 0 5ad 5ad 7c30 "" "" "" 09/04 08:23:20
IN 1 af_solver_addon 5.0 system aits25a1pc0040 "7E9626C8BB5C5F3FF07478236BCCC83A" 1 1 0 32f 09/04 08:24:10
IN 1 af_company_string 5.0 system aits25a1pc0040 "7E9626C8BB5C5F3FF07478236BCCC83A" 1 3 0 3ad 09/04 08:24:10
IN 1 af_solver_addon 5.0 system aits25a1pc0040 "7E9626C8BB5C5F3FF07478236BCCC83A" 1 0 0 62 09/04 08:24:10
OUT af_autoform_seat_nu 5.0 9 apichart.c aits25a1nb0300 "d0hRt03QuvduAQTTHoxlbw5ORDrY2Fdw" 1 2 0 63 63 7c30 "" "" "" 09/04 08:24:52
OUT af_explorer_addon_nu 5.0 14 apichart.c aits25a1nb0300 "d0hRt03QuvduAQTTHoxlbw5ORDrY2Fdw" 1 1 0 3ae 3ae 7c30 "" "" "" 09/04 08:24:52
OUT af_stampingadviser_addon_nu 5.0 16 apichart.c aits25a1nb0300 "d0hRt03QuvduAQTTHoxlbw5ORDrY2Fdw" 1 1 0 330 330 7c30 "" "" "" 09/04 08:24:52
OUT af_diedesigner_addon_nu 5.0 12 apichart.c aits25a1nb0300 "d0hRt03QuvduAQTTHoxlbw5ORDrY2Fdw" 1 2 0 360 360 7c30 "" "" "" 09/04 08:24:52
OUT af_compensator_addon_nu 5.0 17 apichart.c aits25a1nb0300 "d0hRt03QuvduAQTTHoxlbw5ORDrY2Fdw" 1 1 0 193 193 7c30 "" "" "" 09/04 08:24:52
IN 1 af_company_string 5.0 apichart.c aits25a1nb0300 "d0hRt03QuvduAQTTHoxlbw5ORDrY2Fdw" 1 2 0 5ad 09/04 08:30:03
IN 1 af_autoform_seat_nu 5.0 apichart.c aits25a1nb0300 "d0hRt03QuvduAQTTHoxlbw5ORDrY2Fdw" 1 1 0 63 09/04 08:30:03
IN 1 af_explorer_addon_nu 5.0 apichart.c aits25a1nb0300 "d0hRt03QuvduAQTTHoxlbw5ORDrY2Fdw" 1 0 0 3ae 09/04 08:30:03
IN 1 af_stampingadviser_addon_nu 5.0 apichart.c aits25a1nb0300 "d0hRt03QuvduAQTTHoxlbw5ORDrY2Fdw" 1 0 0 330 09/04 08:30:03
IN 1 af_diedesigner_addon_nu 5.0 apichart.c aits25a1nb0300 "d0hRt03QuvduAQTTHoxlbw5ORDrY2Fdw" 1 1 0 360 09/04 08:30:03
IN 1 af_compensator_addon_nu 5.0 apichart.c aits25a1nb0300 "d0hRt03QuvduAQTTHoxlbw5ORDrY2Fdw" 1 0 0 193 09/04 08:30:03
09/04/2025 08:31
OUT af_solver_addon 5.0 3 system aits25a1pc0040 "1929F88D22F14D85CD0BC71204F63B4D" 1 1 0 194 194 72fc "" "" "" 09/04 08:32:31
AUTH: 4 60p0452bjrw5s6eba6qrq3pbet6da6u0ek9fg2022h3urp4p605wg5ydw57p6uxdsxesej1dx4
OUT af_solver_addon 5.0 3 system aits25a1pc0040 "1929F88D22F14D85CD0BC71204F63B4D" 1 1 0 361 194 7018 "" "" "" 09/04 08:32:32
OUT af_company_string 5.0 1 system aits25a1pc0040 "1929F88D22F14D85CD0BC71204F63B4D" 1 3 0 331 331 7018 "" "" "" 09/04 08:32:33
IN 1 af_solver_addon 5.0 system aits25a1pc0040 "1929F88D22F14D85CD0BC71204F63B4D" 1 1 0 361 09/04 08:34:00
IN 1 af_company_string 5.0 system aits25a1pc0040 "1929F88D22F14D85CD0BC71204F63B4D" 1 2 0 331 09/04 08:34:00
IN 1 af_solver_addon 5.0 system aits25a1pc0040 "1929F88D22F14D85CD0BC71204F63B4D" 1 0 0 194 09/04 08:34:00
OUT af_solver_addon 5.0 3 system aits25a1pc0040 "E3EB6D90DD6C15A3442C309A47CE628A" 1 1 0 195 195 6c88 "" "" "" 09/04 08:36:06
OUT af_solver_addon 5.0 3 system aits25a1pc0040 "E3EB6D90DD6C15A3442C309A47CE628A" 1 1 0 332 195 4a8 "" "" "" 09/04 08:36:06
OUT af_company_string 5.0 1 system aits25a1pc0040 "E3EB6D90DD6C15A3442C309A47CE628A" 1 3 0 362 362 4a8 "" "" "" 09/04 08:36:07
OUT af_company_string 5.0 1 apichart.c aits25a1nb0300 "mktCIy28DjUpWuZ8Ziz7Ikh-yQabIM13" 1 4 0 3af 3af 72d0 "" "" "" 09/04 08:38:47
OUT af_autoform_seat_nu 5.0 9 apichart.c aits25a1nb0300 "mktCIy28DjUpWuZ8Ziz7Ikh-yQabIM13" 1 2 0 64 64 72d0 "" "" "" 09/04 08:38:52
OUT af_explorer_addon_nu 5.0 14 apichart.c aits25a1nb0300 "mktCIy28DjUpWuZ8Ziz7Ikh-yQabIM13" 1 1 0 5ae 5ae 72d0 "" "" "" 09/04 08:38:52
OUT af_stampingadviser_addon_nu 5.0 16 apichart.c aits25a1nb0300 "mktCIy28DjUpWuZ8Ziz7Ikh-yQabIM13" 1 1 0 467 467 72d0 "" "" "" 09/04 08:38:52
OUT af_diedesigner_addon_nu 5.0 12 apichart.c aits25a1nb0300 "mktCIy28DjUpWuZ8Ziz7Ikh-yQabIM13" 1 2 0 154 154 72d0 "" "" "" 09/04 08:38:52
OUT af_compensator_addon_nu 5.0 17 apichart.c aits25a1nb0300 "mktCIy28DjUpWuZ8Ziz7Ikh-yQabIM13" 1 1 0 1e0 1e0 72d0 "" "" "" 09/04 08:38:52
IN 1 af_company_string 5.0 piyaphong.t ah18itpc0060 "8lpt9Hf6eenisom8S7fGJ0pAPqwt3N4m" 1 3 0 4e2 09/04 08:38:53
IN 1 af_solver_addon 5.0 system aits25a1pc0040 "E3EB6D90DD6C15A3442C309A47CE628A" 1 1 0 332 09/04 08:40:22
IN 1 af_company_string 5.0 system aits25a1pc0040 "E3EB6D90DD6C15A3442C309A47CE628A" 1 2 0 362 09/04 08:40:22
IN 1 af_solver_addon 5.0 system aits25a1pc0040 "E3EB6D90DD6C15A3442C309A47CE628A" 1 0 0 195 09/04 08:40:22
OUT af_company_string 5.0 1 piyaphong.t ah18itpc0060 "8lpt9Hf6eenisom8S7fGJ0pAPqwt3N4m" 1 3 0 196 196 11e4c "" "" "" 09/04 08:40:36
OUT af_solver_addon 5.0 3 piyaphong.t ah18itpc0060 "4D6B6F7A89079C9C5725AED1798BE9F9" 1 1 0 363 363 12e5c "" "" "" 09/04 08:49:00
OUT af_company_string 5.0 1 piyaphong.t ah18itpc0060 "" 1 4 0 333 333 12e5c "" "" "" 09/04 08:49:01
OUT af_company_string 5.0 1 apichart.c ah18itpc0070 "661DEnhJEcPF0RHNoGBMLIIGkd-S8GHv" 1 5 0 4e3 4e3 3c1c "" "" "" 09/04 08:50:09
IN 1 af_company_string 5.0 apichart.c ah18itpc0070 "661DEnhJEcPF0RHNoGBMLIIGkd-S8GHv" 1 4 0 4e3 09/04 08:50:25
IN 1 af_company_string 5.0 apichart.c aits25a1nb0300 "mktCIy28DjUpWuZ8Ziz7Ikh-yQabIM13" 1 3 0 3af 09/04 08:50:47
IN 1 af_autoform_seat_nu 5.0 apichart.c aits25a1nb0300 "mktCIy28DjUpWuZ8Ziz7Ikh-yQabIM13" 1 1 0 64 09/04 08:50:47
IN 1 af_explorer_addon_nu 5.0 apichart.c aits25a1nb0300 "mktCIy28DjUpWuZ8Ziz7Ikh-yQabIM13" 1 0 0 5ae 09/04 08:50:47
IN 1 af_stampingadviser_addon_nu 5.0 apichart.c aits25a1nb0300 "mktCIy28DjUpWuZ8Ziz7Ikh-yQabIM13" 1 0 0 467 09/04 08:50:47
IN 1 af_diedesigner_addon_nu 5.0 apichart.c aits25a1nb0300 "mktCIy28DjUpWuZ8Ziz7Ikh-yQabIM13" 1 1 0 154 09/04 08:50:47
IN 1 af_compensator_addon_nu 5.0 apichart.c aits25a1nb0300 "mktCIy28DjUpWuZ8Ziz7Ikh-yQabIM13" 1 0 0 1e0 09/04 08:50:47
OUT af_company_string 5.0 1 apichart.c ah18itpc0070 "NoS9zPPCEoi93PImjM81KUbAx7GaXcqm" 1 4 0 1e1 1e1 465c "" "" "" 09/04 08:50:47
OUT af_autoform_seat_nu 5.0 9 apichart.c ah18itpc0070 "NoS9zPPCEoi93PImjM81KUbAx7GaXcqm" 1 2 0 155 155 465c "" "" "" 09/04 08:51:04
OUT af_explorer_addon_nu 5.0 14 apichart.c ah18itpc0070 "NoS9zPPCEoi93PImjM81KUbAx7GaXcqm" 1 1 0 468 468 465c "" "" "" 09/04 08:51:05
OUT af_stampingadviser_addon_nu 5.0 16 apichart.c ah18itpc0070 "NoS9zPPCEoi93PImjM81KUbAx7GaXcqm" 1 1 0 5af 5af 465c "" "" "" 09/04 08:51:06
OUT af_diedesigner_addon_nu 5.0 12 apichart.c ah18itpc0070 "NoS9zPPCEoi93PImjM81KUbAx7GaXcqm" 1 2 0 65 65 465c "" "" "" 09/04 08:51:06
OUT af_compensator_addon_nu 5.0 17 apichart.c ah18itpc0070 "NoS9zPPCEoi93PImjM81KUbAx7GaXcqm" 1 1 0 3b0 3b0 465c "" "" "" 09/04 08:51:07
IN 1 af_solver_addon 5.0 piyaphong.t ah18itpc0060 "4D6B6F7A89079C9C5725AED1798BE9F9" 1 0 0 363 09/04 08:51:40
IN 1 af_company_string 5.0 piyaphong.t ah18itpc0060 "" 1 3 0 333 09/04 08:51:40
OUT af_solver_addon 5.0 3 piyaphong.t ah18itpc0060 "460E924303B57F5A803FF31FBC082564" 1 1 0 334 334 14858 "" "" "" 09/04 08:58:17
OUT af_company_string 5.0 1 piyaphong.t ah18itpc0060 "" 1 4 0 364 364 14858 "" "" "" 09/04 08:58:17
IN 1 af_solver_addon 5.0 piyaphong.t ah18itpc0060 "460E924303B57F5A803FF31FBC082564" 1 0 0 334 09/04 09:00:59
IN 1 af_company_string 5.0 piyaphong.t ah18itpc0060 "" 1 3 0 364 09/04 09:00:59
09/04/2025 09:01
AUTH: 5 60pg4580gwgrg9wfjju6wtvsmjyt7dqnkv8wcq1j08a1fkjn7jcw0ta53a23ygghwmufjmu9f2mg
OUT af_solver_addon 5.0 3 piyaphong.t ah18itpc0060 "B1DCC05DE570EF90A2C3B11C645C99E2" 1 1 0 365 365 174f8 "" "" "" 09/04 09:02:13
OUT af_company_string 5.0 1 piyaphong.t ah18itpc0060 "" 1 4 0 335 335 174f8 "" "" "" 09/04 09:02:14
IN 1 af_solver_addon 5.0 piyaphong.t ah18itpc0060 "B1DCC05DE570EF90A2C3B11C645C99E2" 1 0 0 365 09/04 09:06:01
IN 1 af_company_string 5.0 piyaphong.t ah18itpc0060 "" 1 3 0 335 09/04 09:06:01
OUT af_solver_addon 5.0 3 system aits25a1pc0040 "C0ECAAC39FA642DB73A594066B9E92E7" 1 1 0 336 336 5468 "" "" "" 09/04 09:06:17
OUT af_solver_addon 5.0 3 system aits25a1pc0040 "C0ECAAC39FA642DB73A594066B9E92E7" 1 1 0 366 336 4f7c "" "" "" 09/04 09:06:17
OUT af_company_string 5.0 1 system aits25a1pc0040 "C0ECAAC39FA642DB73A594066B9E92E7" 1 4 0 4e4 4e4 4f7c "" "" "" 09/04 09:06:17
IN 1 af_solver_addon 5.0 system aits25a1pc0040 "C0ECAAC39FA642DB73A594066B9E92E7" 1 1 0 366 09/04 09:10:13
IN 1 af_company_string 5.0 system aits25a1pc0040 "C0ECAAC39FA642DB73A594066B9E92E7" 1 3 0 4e4 09/04 09:10:13
IN 1 af_solver_addon 5.0 system aits25a1pc0040 "C0ECAAC39FA642DB73A594066B9E92E7" 1 0 0 336 09/04 09:10:13
OUT af_solver_addon 5.0 3 piyaphong.t ah18itpc0060 "2E09C3D725D96FA0E74AF3EA6970F68E" 1 1 0 337 337 112f0 "" "" "" 09/04 09:12:03
OUT af_company_string 5.0 1 piyaphong.t ah18itpc0060 "" 1 4 0 4e5 4e5 112f0 "" "" "" 09/04 09:12:04
IN 1 af_solver_addon 5.0 piyaphong.t ah18itpc0060 "2E09C3D725D96FA0E74AF3EA6970F68E" 1 0 0 337 09/04 09:15:44
IN 1 af_company_string 5.0 piyaphong.t ah18itpc0060 "" 1 3 0 4e5 09/04 09:15:44
OUT af_solver_addon 5.0 3 piyaphong.t ah18itpc0060 "38151AFAFB53206B420D64A378D1412D" 1 1 0 4e6 4e6 d9a0 "" "" "" 09/04 09:17:19
OUT af_company_string 5.0 1 piyaphong.t ah18itpc0060 "" 1 4 0 338 338 d9a0 "" "" "" 09/04 09:17:20
IN 1 af_company_string 5.0 apichart.c ah18itpc0070 "NoS9zPPCEoi93PImjM81KUbAx7GaXcqm" 1 3 0 1e1 09/04 09:18:22
IN 1 af_autoform_seat_nu 5.0 apichart.c ah18itpc0070 "NoS9zPPCEoi93PImjM81KUbAx7GaXcqm" 1 1 0 155 09/04 09:18:22
IN 1 af_explorer_addon_nu 5.0 apichart.c ah18itpc0070 "NoS9zPPCEoi93PImjM81KUbAx7GaXcqm" 1 0 0 468 09/04 09:18:22
IN 1 af_stampingadviser_addon_nu 5.0 apichart.c ah18itpc0070 "NoS9zPPCEoi93PImjM81KUbAx7GaXcqm" 1 0 0 5af 09/04 09:18:22
IN 1 af_diedesigner_addon_nu 5.0 apichart.c ah18itpc0070 "NoS9zPPCEoi93PImjM81KUbAx7GaXcqm" 1 1 0 65 09/04 09:18:22
IN 1 af_compensator_addon_nu 5.0 apichart.c ah18itpc0070 "NoS9zPPCEoi93PImjM81KUbAx7GaXcqm" 1 0 0 3b0 09/04 09:18:22
OUT af_company_string 5.0 1 apichart.c aits25a1nb0300 "YuwLU2L5aWwRrjrC5z6sG7G5OGyedtJj" 1 4 0 3b1 3b1 fb28 "" "" "" 09/04 09:18:33
OUT af_autoform_seat_nu 5.0 9 apichart.c aits25a1nb0300 "YuwLU2L5aWwRrjrC5z6sG7G5OGyedtJj" 1 2 0 66 66 fb28 "" "" "" 09/04 09:18:37
OUT af_explorer_addon_nu 5.0 14 apichart.c aits25a1nb0300 "YuwLU2L5aWwRrjrC5z6sG7G5OGyedtJj" 1 1 0 5b0 5b0 fb28 "" "" "" 09/04 09:18:37
OUT af_stampingadviser_addon_nu 5.0 16 apichart.c aits25a1nb0300 "YuwLU2L5aWwRrjrC5z6sG7G5OGyedtJj" 1 1 0 469 469 fb28 "" "" "" 09/04 09:18:37
OUT af_diedesigner_addon_nu 5.0 12 apichart.c aits25a1nb0300 "YuwLU2L5aWwRrjrC5z6sG7G5OGyedtJj" 1 2 0 156 156 fb28 "" "" "" 09/04 09:18:37
OUT af_compensator_addon_nu 5.0 17 apichart.c aits25a1nb0300 "YuwLU2L5aWwRrjrC5z6sG7G5OGyedtJj" 1 1 0 1e2 1e2 fb28 "" "" "" 09/04 09:18:37
IN 1 af_autoform_seat_nu 5.0 piyaphong.t ah18itpc0060 "8lpt9Hf6eenisom8S7fGJ0pAPqwt3N4m" 1 1 0 25e 09/04 09:19:00
IN 1 af_company_string 5.0 piyaphong.t ah18itpc0060 "8lpt9Hf6eenisom8S7fGJ0pAPqwt3N4m" 1 3 0 120 09/04 09:19:00
IN 1 af_diedesigner_addon_nu 5.0 piyaphong.t ah18itpc0060 "8lpt9Hf6eenisom8S7fGJ0pAPqwt3N4m" 1 1 0 566 09/04 09:19:00
IN 1 af_explorer_addon_nu 5.0 piyaphong.t ah18itpc0060 "8lpt9Hf6eenisom8S7fGJ0pAPqwt3N4m" 1 0 0 515 09/04 09:19:00
IN 1 af_stampingadviser_addon_nu 5.0 piyaphong.t ah18itpc0060 "8lpt9Hf6eenisom8S7fGJ0pAPqwt3N4m" 1 0 0 5cc 09/04 09:19:00
OUT af_company_string 5.0 1 piyaphong.t ah18itpc0060 "8lpt9Hf6eenisom8S7fGJ0pAPqwt3N4m" 1 4 0 5cd 5cd f0ac "" "" "" 09/04 09:19:02
OUT af_autoform_seat_nu 5.0 9 piyaphong.t ah18itpc0060 "8lpt9Hf6eenisom8S7fGJ0pAPqwt3N4m" 1 2 0 516 516 11e4c "" "" "" 09/04 09:19:06
OUT af_diedesigner_addon_nu 5.0 12 piyaphong.t ah18itpc0060 "8lpt9Hf6eenisom8S7fGJ0pAPqwt3N4m" 1 2 0 567 567 11e4c "" "" "" 09/04 09:19:06
OUT af_explorer_addon_nu 5.0 13 piyaphong.t ah18itpc0060 "8lpt9Hf6eenisom8S7fGJ0pAPqwt3N4m" 1 1 0 121 121 11e4c "" "" "" 09/04 09:19:06
OUT af_stampingadviser_addon_nu 5.0 15 piyaphong.t ah18itpc0060 "8lpt9Hf6eenisom8S7fGJ0pAPqwt3N4m" 1 1 0 25f 25f 11e4c "" "" "" 09/04 09:19:06
IN 1 af_solver_addon 5.0 piyaphong.t ah18itpc0060 "38151AFAFB53206B420D64A378D1412D" 1 0 0 4e6 09/04 09:20:01
IN 1 af_company_string 5.0 piyaphong.t ah18itpc0060 "" 1 3 0 338 09/04 09:20:01
OUT af_solver_addon 5.0 3 piyaphong.t ah18itpc0060 "702A284E42B8F27FD57E11DE5AA57060" 1 1 0 339 339 8b00 "" "" "" 09/04 09:21:09
OUT af_company_string 5.0 1 piyaphong.t ah18itpc0060 "" 1 4 0 4e7 4e7 8b00 "" "" "" 09/04 09:21:09
AUTH: 6 60q04580kg8m65w94sd6ctjdp37vcpxgp0ny7nnh08ag12m7137mevdrj4qc8fawrkten0qdmww88
IN 1 af_solver_addon 5.0 piyaphong.t ah18itpc0060 "702A284E42B8F27FD57E11DE5AA57060" 1 0 0 339 09/04 09:24:54
IN 1 af_company_string 5.0 piyaphong.t ah18itpc0060 "" 1 3 0 4e7 09/04 09:24:54
OUT af_solver_addon 5.0 3 system aits25a1pc0040 "D2F7DCD3E0AA21E38A8F826D11841C06" 1 1 0 4e8 4e8 68f4 "" "" "" 09/04 09:25:33
OUT af_solver_addon 5.0 3 system aits25a1pc0040 "D2F7DCD3E0AA21E38A8F826D11841C06" 1 1 0 33a 4e8 4bb0 "" "" "" 09/04 09:25:34
OUT af_company_string 5.0 1 system aits25a1pc0040 "D2F7DCD3E0AA21E38A8F826D11841C06" 1 4 0 367 367 4bb0 "" "" "" 09/04 09:25:34
IN 1 af_solver_addon 5.0 system aits25a1pc0040 "D2F7DCD3E0AA21E38A8F826D11841C06" 1 1 0 33a 09/04 09:26:59
IN 1 af_company_string 5.0 system aits25a1pc0040 "D2F7DCD3E0AA21E38A8F826D11841C06" 1 3 0 367 09/04 09:26:59
IN 1 af_solver_addon 5.0 system aits25a1pc0040 "D2F7DCD3E0AA21E38A8F826D11841C06" 1 0 0 4e8 09/04 09:26:59
OUT af_solver_addon 5.0 3 piyaphong.t ah18itpc0060 "0E0E50F2EA4F67E18EC00F8F92F6CBB2" 1 1 0 4e9 4e9 91f0 "" "" "" 09/04 09:28:18
OUT af_company_string 5.0 1 piyaphong.t ah18itpc0060 "" 1 4 0 368 368 91f0 "" "" "" 09/04 09:28:19
09/04/2025 09:31
IN 1 af_solver_addon 5.0 piyaphong.t ah18itpc0060 "0E0E50F2EA4F67E18EC00F8F92F6CBB2" 1 0 0 4e9 09/04 09:32:14
IN 1 af_company_string 5.0 piyaphong.t ah18itpc0060 "" 1 3 0 368 09/04 09:32:14
OUT af_solver_addon 5.0 3 system aits25a1pc0040 "4FB24EF90164E543736C69D86F342659" 1 1 0 369 369 1c98 "" "" "" 09/04 09:32:24
OUT af_solver_addon 5.0 3 system aits25a1pc0040 "4FB24EF90164E543736C69D86F342659" 1 1 0 4ea 369 6c20 "" "" "" 09/04 09:32:25
OUT af_company_string 5.0 1 system aits25a1pc0040 "4FB24EF90164E543736C69D86F342659" 1 4 0 33b 33b 6c20 "" "" "" 09/04 09:32:25
IN 1 af_solver_addon 5.0 system aits25a1pc0040 "4FB24EF90164E543736C69D86F342659" 1 1 0 4ea 09/04 09:33:48
IN 1 af_company_string 5.0 system aits25a1pc0040 "4FB24EF90164E543736C69D86F342659" 1 3 0 33b 09/04 09:33:48
IN 1 af_solver_addon 5.0 system aits25a1pc0040 "4FB24EF90164E543736C69D86F342659" 1 0 0 369 09/04 09:33:48
OUT af_solver_addon 5.0 3 system aits25a1pc0040 "8D8243352E20DB8DE091123D1ACB21A3" 1 1 0 36a 36a 493c "" "" "" 09/04 09:34:00
OUT af_solver_addon 5.0 3 system aits25a1pc0040 "8D8243352E20DB8DE091123D1ACB21A3" 1 1 0 33c 36a 7060 "" "" "" 09/04 09:34:00
OUT af_company_string 5.0 1 system aits25a1pc0040 "8D8243352E20DB8DE091123D1ACB21A3" 1 4 0 4eb 4eb 7060 "" "" "" 09/04 09:34:01
IN 1 af_company_string 5.0 piyaphong.t ah18itpc0060 "8lpt9Hf6eenisom8S7fGJ0pAPqwt3N4m" 1 3 0 5cd 09/04 09:35:10
IN 1 af_solver_addon 5.0 system aits25a1pc0040 "8D8243352E20DB8DE091123D1ACB21A3" 1 1 0 33c 09/04 09:36:19
IN 1 af_company_string 5.0 system aits25a1pc0040 "8D8243352E20DB8DE091123D1ACB21A3" 1 2 0 4eb 09/04 09:36:19
IN 1 af_solver_addon 5.0 system aits25a1pc0040 "8D8243352E20DB8DE091123D1ACB21A3" 1 0 0 36a 09/04 09:36:19
OUT af_solver_addon 5.0 3 piyaphong.t ah18itpc0060 "A84BD23218AAD9A5C6B8FCFF4A12B01D" 1 1 0 36b 36b 10d38 "" "" "" 09/04 09:37:29
OUT af_company_string 5.0 1 piyaphong.t ah18itpc0060 "" 1 3 0 4ec 4ec 10d38 "" "" "" 09/04 09:37:29
IN 1 af_solver_addon 5.0 piyaphong.t ah18itpc0060 "A84BD23218AAD9A5C6B8FCFF4A12B01D" 1 0 0 36b 09/04 09:40:16
IN 1 af_company_string 5.0 piyaphong.t ah18itpc0060 "" 1 2 0 4ec 09/04 09:40:16
OUT af_company_string 5.0 1 apichart.c aits25a1nb0300 "YuwLU2L5aWwRrjrC5z6sG7G5OGyedtJj" 1 3 0 4ed 4ed fb28 "" "" "" 09/04 09:40:49
DENY af_autoform_seat_nu 5.0 apichart.c aits25a1nb0300 "YuwLU2L5aWwRrjrC5z6sG7G5OGyedtJj" 1 -22 0 fb28 09/04 09:40
DENY af_autoform_seat_nu 5.0 apichart.c aits25a1nb0300 "YuwLU2L5aWwRrjrC5z6sG7G5OGyedtJj" 1 -22 0 fb28 09/04 09:41
DENY af_autoform_seat_nu 5.0 apichart.c aits25a1nb0300 "YuwLU2L5aWwRrjrC5z6sG7G5OGyedtJj" 1 -22 0 fb28 09/04 09:41
DENY af_autoform_seat_nu 5.0 apichart.c aits25a1nb0300 "YuwLU2L5aWwRrjrC5z6sG7G5OGyedtJj" 1 -22 0 fb28 09/04 09:42
OUT af_solver_addon 5.0 3 system aits25a1pc0040 "A20386E95BF8304B8E3BA27B41263E99" 1 1 0 36c 36c 701c "" "" "" 09/04 09:42:41
OUT af_solver_addon 5.0 3 system aits25a1pc0040 "A20386E95BF8304B8E3BA27B41263E99" 1 1 0 33d 36c 666c "" "" "" 09/04 09:42:42
OUT af_company_string 5.0 1 system aits25a1pc0040 "A20386E95BF8304B8E3BA27B41263E99" 1 4 0 5ce 5ce 666c "" "" "" 09/04 09:42:42
DENY af_autoform_seat_nu 5.0 apichart.c aits25a1nb0300 "YuwLU2L5aWwRrjrC5z6sG7G5OGyedtJj" 1 -22 0 fb28 09/04 09:42
DENY af_autoform_seat_nu 5.0 apichart.c aits25a1nb0300 "YuwLU2L5aWwRrjrC5z6sG7G5OGyedtJj" 1 -22 0 fb28 09/04 09:43
DENY af_autoform_seat_nu 5.0 apichart.c aits25a1nb0300 "YuwLU2L5aWwRrjrC5z6sG7G5OGyedtJj" 1 -22 0 fb28 09/04 09:43
DENY af_autoform_seat_nu 5.0 apichart.c aits25a1nb0300 "YuwLU2L5aWwRrjrC5z6sG7G5OGyedtJj" 1 -22 0 fb28 09/04 09:44
DENY af_autoform_seat_nu 5.0 apichart.c aits25a1nb0300 "YuwLU2L5aWwRrjrC5z6sG7G5OGyedtJj" 1 -22 0 fb28 09/04 09:44
IN 1 af_solver_addon 5.0 system aits25a1pc0040 "A20386E95BF8304B8E3BA27B41263E99" 1 1 0 33d 09/04 09:45:00
AUTH: 7 60p04511qd611y8nvnm9yxx7qanu680jnjtk3dr22hdrb8grpadkc3vbrj2q1h14dtf6jd4w8m
IN 1 af_company_string 5.0 system aits25a1pc0040 "A20386E95BF8304B8E3BA27B41263E99" 1 3 0 5ce 09/04 09:45:00
IN 1 af_solver_addon 5.0 system aits25a1pc0040 "A20386E95BF8304B8E3BA27B41263E99" 1 0 0 36c 09/04 09:45:00
DENY af_autoform_seat_nu 5.0 apichart.c aits25a1nb0300 "YuwLU2L5aWwRrjrC5z6sG7G5OGyedtJj" 1 -22 0 fb28 09/04 09:45
DENY af_autoform_seat_nu 5.0 apichart.c aits25a1nb0300 "YuwLU2L5aWwRrjrC5z6sG7G5OGyedtJj" 1 -22 0 fb28 09/04 09:45
IN 2 af_company_string 5.0 apichart.c aits25a1nb0300 "YuwLU2L5aWwRrjrC5z6sG7G5OGyedtJj" 1 2 0 3b1 09/04 09:46:07
IN 2 af_autoform_seat_nu 5.0 apichart.c aits25a1nb0300 "YuwLU2L5aWwRrjrC5z6sG7G5OGyedtJj" 1 1 0 66 09/04 09:46:07
IN 2 af_explorer_addon_nu 5.0 apichart.c aits25a1nb0300 "YuwLU2L5aWwRrjrC5z6sG7G5OGyedtJj" 1 0 0 5b0 09/04 09:46:07
IN 2 af_stampingadviser_addon_nu 5.0 apichart.c aits25a1nb0300 "YuwLU2L5aWwRrjrC5z6sG7G5OGyedtJj" 1 0 0 469 09/04 09:46:07
IN 2 af_diedesigner_addon_nu 5.0 apichart.c aits25a1nb0300 "YuwLU2L5aWwRrjrC5z6sG7G5OGyedtJj" 1 1 0 156 09/04 09:46:07
IN 2 af_compensator_addon_nu 5.0 apichart.c aits25a1nb0300 "YuwLU2L5aWwRrjrC5z6sG7G5OGyedtJj" 1 0 0 1e2 09/04 09:46:07
OUT af_autoform_seat_nu 5.0 9 apichart.c aits25a1nb0300 "YuwLU2L5aWwRrjrC5z6sG7G5OGyedtJj" 1 2 0 1e3 1e3 fb28 "" "" "" 09/04 09:46:25
OUT af_explorer_addon_nu 5.0 14 apichart.c aits25a1nb0300 "YuwLU2L5aWwRrjrC5z6sG7G5OGyedtJj" 1 1 0 157 157 fb28 "" "" "" 09/04 09:46:25
OUT af_stampingadviser_addon_nu 5.0 16 apichart.c aits25a1nb0300 "YuwLU2L5aWwRrjrC5z6sG7G5OGyedtJj" 1 1 0 46a 46a fb28 "" "" "" 09/04 09:46:25
OUT af_diedesigner_addon_nu 5.0 12 apichart.c aits25a1nb0300 "YuwLU2L5aWwRrjrC5z6sG7G5OGyedtJj" 1 2 0 5b1 5b1 fb28 "" "" "" 09/04 09:46:25
OUT af_compensator_addon_nu 5.0 17 apichart.c aits25a1nb0300 "YuwLU2L5aWwRrjrC5z6sG7G5OGyedtJj" 1 1 0 67 67 fb28 "" "" "" 09/04 09:46:25
OUT af_solver_addon 5.0 3 system aits25a1pc0040 "D13B9DDE1A9DBC36124FA87BDD3D8C17" 1 1 0 3b2 3b2 6c94 "" "" "" 09/04 09:51:31
OUT af_solver_addon 5.0 3 system aits25a1pc0040 "D13B9DDE1A9DBC36124FA87BDD3D8C17" 1 1 0 36d 3b2 5330 "" "" "" 09/04 09:51:31
OUT af_company_string 5.0 1 system aits25a1pc0040 "D13B9DDE1A9DBC36124FA87BDD3D8C17" 1 3 0 5cf 5cf 5330 "" "" "" 09/04 09:51:31
IN 1 af_solver_addon 5.0 system aits25a1pc0040 "D13B9DDE1A9DBC36124FA87BDD3D8C17" 1 1 0 36d 09/04 09:53:52
IN 1 af_company_string 5.0 system aits25a1pc0040 "D13B9DDE1A9DBC36124FA87BDD3D8C17" 1 2 0 5cf 09/04 09:53:52
IN 1 af_solver_addon 5.0 system aits25a1pc0040 "D13B9DDE1A9DBC36124FA87BDD3D8C17" 1 0 0 3b2 09/04 09:53:52
OUT af_solver_addon 5.0 3 system aits25a1pc0040 "A7FCFD936FEE945149C6ED25BF7993FC" 1 1 0 3b3 3b3 47a8 "" "" "" 09/04 09:56:08
OUT af_solver_addon 5.0 3 system aits25a1pc0040 "A7FCFD936FEE945149C6ED25BF7993FC" 1 1 0 5d0 3b3 3e5c "" "" "" 09/04 09:56:09
OUT af_company_string 5.0 1 system aits25a1pc0040 "A7FCFD936FEE945149C6ED25BF7993FC" 1 3 0 36e 36e 3e5c "" "" "" 09/04 09:56:09
OUT af_company_string 5.0 1 piyaphong.t ah18itpc0060 "8lpt9Hf6eenisom8S7fGJ0pAPqwt3N4m" 1 4 0 33e 33e 19974 "" "" "" 09/04 09:57:04
IN 1 af_solver_addon 5.0 system aits25a1pc0040 "A7FCFD936FEE945149C6ED25BF7993FC" 1 1 0 5d0 09/04 09:58:37
IN 1 af_company_string 5.0 system aits25a1pc0040 "A7FCFD936FEE945149C6ED25BF7993FC" 1 3 0 36e 09/04 09:58:37
IN 1 af_solver_addon 5.0 system aits25a1pc0040 "A7FCFD936FEE945149C6ED25BF7993FC" 1 0 0 3b3 09/04 09:58:37
09/04/2025 10:01
OUT af_company_string 5.0 1 ah.autoform01 ah18itpc0070 "3hE7m2JGC5VLzgR0cRNGoPenoYoyEwAM" 1 4 0 3b4 3b4 56ec "" "" "" 09/04 10:13:55
OUT af_workspace_addon_nu 5.0 10 ah.autoform01 ah18itpc0070 "3hE7m2JGC5VLzgR0cRNGoPenoYoyEwAM" 1 1 0 36f 36f 56ec "" "" "" 09/04 10:13:55
IN 1 af_company_string 5.0 ah.autoform01 ah18itpc0070 "3hE7m2JGC5VLzgR0cRNGoPenoYoyEwAM" 1 3 0 3b4 09/04 10:14:04
IN 1 af_workspace_addon_nu 5.0 ah.autoform01 ah18itpc0070 "3hE7m2JGC5VLzgR0cRNGoPenoYoyEwAM" 1 0 0 36f 09/04 10:14:04
OUT af_solver_addon 5.0 3 piyaphong.t ah18itpc0060 "078DBA862F0D4244662034732244168F" 1 1 0 370 370 1959c "" "" "" 09/04 10:15:45
OUT af_company_string 5.0 1 piyaphong.t ah18itpc0060 "" 1 4 0 3b5 3b5 1959c "" "" "" 09/04 10:15:45
DENY af_solver_addon 5.0 system aits25a1pc0040 "E1C6507B0D0B1E6D0335F1654665C6F8" 1 -22 1 1524 09/04 10:16
DENY af_solver_addon 5.0 system aits25a1pc0040 "E1C6507B0D0B1E6D0335F1654665C6F8" 1 -22 1 1524 09/04 10:17
DENY af_solver_addon 5.0 system aits25a1pc0040 "E1C6507B0D0B1E6D0335F1654665C6F8" 1 -22 1 1524 09/04 10:18
DENY af_solver_addon 5.0 system aits25a1pc0040 "E1C6507B0D0B1E6D0335F1654665C6F8" 1 -22 1 1524 09/04 10:19
DENY af_solver_addon 5.0 system aits25a1pc0040 "E1C6507B0D0B1E6D0335F1654665C6F8" 1 -22 1 1524 09/04 10:20
DENY af_solver_addon 5.0 system aits25a1pc0040 "E1C6507B0D0B1E6D0335F1654665C6F8" 1 -22 1 1524 09/04 10:21
DENY af_solver_addon 5.0 system aits25a1pc0040 "E1C6507B0D0B1E6D0335F1654665C6F8" 1 -22 1 1524 09/04 10:22
DENY af_solver_addon 5.0 system aits25a1pc0040 "E1C6507B0D0B1E6D0335F1654665C6F8" 1 -22 1 1524 09/04 10:23
AUTH: 8 60p0451rfhnyw02cb2bmsphhjn2hkx2useefxq822hqwr16nqq6f4k02jx97h66mwpswaw5wf0
DENY af_solver_addon 5.0 system aits25a1pc0040 "E1C6507B0D0B1E6D0335F1654665C6F8" 1 -22 1 1524 09/04 10:24
DENY af_solver_addon 5.0 system aits25a1pc0040 "E1C6507B0D0B1E6D0335F1654665C6F8" 1 -22 1 1524 09/04 10:25
DENY af_solver_addon 5.0 system aits25a1pc0040 "E1C6507B0D0B1E6D0335F1654665C6F8" 1 -22 1 1524 09/04 10:26
DENY af_solver_addon 5.0 system aits25a1pc0040 "E1C6507B0D0B1E6D0335F1654665C6F8" 1 -22 1 1524 09/04 10:27
OUT af_company_string 5.0 1 piyaphong.t ah18itpc0060 "8lpt9Hf6eenisom8S7fGJ0pAPqwt3N4m" 1 5 0 5d1 5d1 13fbc "" "" "" 09/04 10:28:40
DENY af_solver_addon 5.0 system aits25a1pc0040 "E1C6507B0D0B1E6D0335F1654665C6F8" 1 -22 1 1524 09/04 10:28
DENY af_solver_addon 5.0 system aits25a1pc0040 "E1C6507B0D0B1E6D0335F1654665C6F8" 1 -22 1 1524 09/04 10:30
DENY af_solver_addon 5.0 system aits25a1pc0040 "E1C6507B0D0B1E6D0335F1654665C6F8" 1 -22 1 1524 09/04 10:31
IN 1 af_company_string 5.0 apichart.c aits25a1nb0300 "YuwLU2L5aWwRrjrC5z6sG7G5OGyedtJj" 1 4 0 4ed 09/04 10:31:24
IN 1 af_autoform_seat_nu 5.0 apichart.c aits25a1nb0300 "YuwLU2L5aWwRrjrC5z6sG7G5OGyedtJj" 1 1 0 1e3 09/04 10:31:24
IN 1 af_explorer_addon_nu 5.0 apichart.c aits25a1nb0300 "YuwLU2L5aWwRrjrC5z6sG7G5OGyedtJj" 1 0 0 157 09/04 10:31:24
IN 1 af_stampingadviser_addon_nu 5.0 apichart.c aits25a1nb0300 "YuwLU2L5aWwRrjrC5z6sG7G5OGyedtJj" 1 0 0 46a 09/04 10:31:24
IN 1 af_diedesigner_addon_nu 5.0 apichart.c aits25a1nb0300 "YuwLU2L5aWwRrjrC5z6sG7G5OGyedtJj" 1 1 0 5b1 09/04 10:31:24
IN 1 af_compensator_addon_nu 5.0 apichart.c aits25a1nb0300 "YuwLU2L5aWwRrjrC5z6sG7G5OGyedtJj" 1 0 0 67 09/04 10:31:24
OUT af_company_string 5.0 1 apichart.c aits25a1nb0300 "AjgvwUD7j1EH_2BX_sKrTF6sykJvaJE2" 1 5 0 68 68 ef9c "" "" "" 09/04 10:31:29
DENY af_solver_addon 5.0 piyaphong.t ah18itpc0060 "A346FA2C3AEF8B2BB94C2007ADC61D6A" 1 -22 1 1a78c 09/04 10:31
OUT af_autoform_seat_nu 5.0 9 apichart.c aits25a1nb0300 "AjgvwUD7j1EH_2BX_sKrTF6sykJvaJE2" 1 2 0 5b2 5b2 ef9c "" "" "" 09/04 10:31:32
OUT af_explorer_addon_nu 5.0 14 apichart.c aits25a1nb0300 "AjgvwUD7j1EH_2BX_sKrTF6sykJvaJE2" 1 1 0 46b 46b ef9c "" "" "" 09/04 10:31:32
OUT af_stampingadviser_addon_nu 5.0 16 apichart.c aits25a1nb0300 "AjgvwUD7j1EH_2BX_sKrTF6sykJvaJE2" 1 1 0 158 158 ef9c "" "" "" 09/04 10:31:32
OUT af_diedesigner_addon_nu 5.0 12 apichart.c aits25a1nb0300 "AjgvwUD7j1EH_2BX_sKrTF6sykJvaJE2" 1 2 0 1e4 1e4 ef9c "" "" "" 09/04 10:31:32
OUT af_compensator_addon_nu 5.0 17 apichart.c aits25a1nb0300 "AjgvwUD7j1EH_2BX_sKrTF6sykJvaJE2" 1 1 0 4ee 4ee ef9c "" "" "" 09/04 10:31:32
09/04/2025 10:31
DENY af_solver_addon 5.0 system aits25a1pc0040 "E1C6507B0D0B1E6D0335F1654665C6F8" 1 -22 1 1524 09/04 10:32
DENY af_solver_addon 5.0 piyaphong.t ah18itpc0060 "A346FA2C3AEF8B2BB94C2007ADC61D6A" 1 -22 1 1a78c 09/04 10:32
DENY af_solver_addon 5.0 system aits25a1pc0040 "E1C6507B0D0B1E6D0335F1654665C6F8" 1 -22 1 1524 09/04 10:33
DENY af_solver_addon 5.0 piyaphong.t ah18itpc0060 "A346FA2C3AEF8B2BB94C2007ADC61D6A" 1 -22 1 1a78c 09/04 10:33
DENY af_solver_addon 5.0 system aits25a1pc0040 "E1C6507B0D0B1E6D0335F1654665C6F8" 1 -22 1 1524 09/04 10:34
DENY af_solver_addon 5.0 piyaphong.t ah18itpc0060 "A346FA2C3AEF8B2BB94C2007ADC61D6A" 1 -22 1 1a78c 09/04 10:34
IN 1 af_solver_addon 5.0 piyaphong.t ah18itpc0060 "078DBA862F0D4244662034732244168F" 1 0 0 370 09/04 10:34:51
IN 1 af_company_string 5.0 piyaphong.t ah18itpc0060 "" 1 4 0 3b5 09/04 10:34:51
OUT af_solver_addon 5.0 3 system aits25a1pc0040 "E1C6507B0D0B1E6D0335F1654665C6F8" 1 1 0 3b6 3b6 1524 "" "" "" 09/04 10:35:01
OUT af_solver_addon 5.0 3 system aits25a1pc0040 "E1C6507B0D0B1E6D0335F1654665C6F8" 1 1 0 371 3b6 5990 "" "" "" 09/04 10:35:02
OUT af_company_string 5.0 1 system aits25a1pc0040 "E1C6507B0D0B1E6D0335F1654665C6F8" 1 5 0 8d 8d 5990 "" "" "" 09/04 10:35:02
DENY af_solver_addon 5.0 piyaphong.t ah18itpc0060 "A346FA2C3AEF8B2BB94C2007ADC61D6A" 1 -22 1 1a78c 09/04 10:35
DENY af_solver_addon 5.0 piyaphong.t ah18itpc0060 "A346FA2C3AEF8B2BB94C2007ADC61D6A" 1 -22 1 1a78c 09/04 10:36
IN 1 af_solver_addon 5.0 system aits25a1pc0040 "E1C6507B0D0B1E6D0335F1654665C6F8" 1 1 0 371 09/04 10:37:25
IN 1 af_company_string 5.0 system aits25a1pc0040 "E1C6507B0D0B1E6D0335F1654665C6F8" 1 4 0 8d 09/04 10:37:25
IN 1 af_solver_addon 5.0 system aits25a1pc0040 "E1C6507B0D0B1E6D0335F1654665C6F8" 1 0 0 3b6 09/04 10:37:25
OUT af_solver_addon 5.0 3 piyaphong.t ah18itpc0060 "A346FA2C3AEF8B2BB94C2007ADC61D6A" 1 1 0 3b7 3b7 1a78c "" "" "" 09/04 10:37:35
OUT af_solver_addon 5.0 3 piyaphong.t ah18itpc0060 "A346FA2C3AEF8B2BB94C2007ADC61D6A" 1 1 0 8e 3b7 1b010 "" "" "" 09/04 10:37:36
OUT af_company_string 5.0 1 piyaphong.t ah18itpc0060 "A346FA2C3AEF8B2BB94C2007ADC61D6A" 1 5 0 372 372 1b010 "" "" "" 09/04 10:37:36
IN 2 af_company_string 5.0 apichart.c aits25a1nb0300 "AjgvwUD7j1EH_2BX_sKrTF6sykJvaJE2" 1 4 0 68 09/04 10:37:57
IN 2 af_autoform_seat_nu 5.0 apichart.c aits25a1nb0300 "AjgvwUD7j1EH_2BX_sKrTF6sykJvaJE2" 1 1 0 5b2 09/04 10:37:57
AUTH: 9 60p045261jr8g6vpfc04626cdju55kubd3dtfdr22h29gwn7a6sarru6hsxft86c0bakts0v5g
IN 2 af_explorer_addon_nu 5.0 apichart.c aits25a1nb0300 "AjgvwUD7j1EH_2BX_sKrTF6sykJvaJE2" 1 0 0 46b 09/04 10:37:57
IN 2 af_stampingadviser_addon_nu 5.0 apichart.c aits25a1nb0300 "AjgvwUD7j1EH_2BX_sKrTF6sykJvaJE2" 1 0 0 158 09/04 10:37:57
IN 2 af_diedesigner_addon_nu 5.0 apichart.c aits25a1nb0300 "AjgvwUD7j1EH_2BX_sKrTF6sykJvaJE2" 1 1 0 1e4 09/04 10:37:57
IN 2 af_compensator_addon_nu 5.0 apichart.c aits25a1nb0300 "AjgvwUD7j1EH_2BX_sKrTF6sykJvaJE2" 1 0 0 4ee 09/04 10:37:57
OUT af_company_string 5.0 1 piyaphong.t ah18itpc0060 "8lpt9Hf6eenisom8S7fGJ0pAPqwt3N4m" 1 5 0 4ef 4ef 6cf0 "" "" "" 09/04 10:41:11
IN 1 af_solver_addon 5.0 piyaphong.t ah18itpc0060 "A346FA2C3AEF8B2BB94C2007ADC61D6A" 1 1 0 8e 09/04 10:44:27
IN 1 af_company_string 5.0 piyaphong.t ah18itpc0060 "A346FA2C3AEF8B2BB94C2007ADC61D6A" 1 4 0 372 09/04 10:44:27
IN 1 af_solver_addon 5.0 piyaphong.t ah18itpc0060 "A346FA2C3AEF8B2BB94C2007ADC61D6A" 1 0 0 3b7 09/04 10:44:27
OUT af_solver_addon 5.0 3 system aits25a1pc0040 "3CD8FC212A554AAA4F4AF4A57BCDEB5D" 1 1 0 3b8 3b8 2a78 "" "" "" 09/04 10:59:34
OUT af_solver_addon 5.0 3 system aits25a1pc0040 "3CD8FC212A554AAA4F4AF4A57BCDEB5D" 1 1 0 373 3b8 39d8 "" "" "" 09/04 10:59:34
OUT af_company_string 5.0 1 system aits25a1pc0040 "3CD8FC212A554AAA4F4AF4A57BCDEB5D" 1 5 0 8f 8f 39d8 "" "" "" 09/04 10:59:35
09/04/2025 11:01
IN 1 af_solver_addon 5.0 system aits25a1pc0040 "3CD8FC212A554AAA4F4AF4A57BCDEB5D" 1 1 0 373 09/04 11:02:03
IN 1 af_company_string 5.0 system aits25a1pc0040 "3CD8FC212A554AAA4F4AF4A57BCDEB5D" 1 4 0 8f 09/04 11:02:03
IN 1 af_solver_addon 5.0 system aits25a1pc0040 "3CD8FC212A554AAA4F4AF4A57BCDEB5D" 1 0 0 3b8 09/04 11:02:03
OUT af_solver_addon 5.0 3 piyaphong.t ah18itpc0060 "C73FC73D205AF2C27D85CE6D963ACF0A" 1 1 0 3b9 3b9 f5e0 "" "" "" 09/04 11:06:59
OUT af_company_string 5.0 1 piyaphong.t ah18itpc0060 "" 1 5 0 90 90 f5e0 "" "" "" 09/04 11:07:00
DENY af_solver_addon 5.0 system aits25a1pc0040 "2824174EC3A1423672D9D02EEA81AE4A" 1 -22 1 6110 09/04 11:10
IN 1 af_company_string 5.0 piyaphong.t ah18itpc0060 "8lpt9Hf6eenisom8S7fGJ0pAPqwt3N4m" 1 4 0 4ef 09/04 11:10:37
OUT af_company_string 5.0 1 piyaphong.t ah18itpc0060 "8lpt9Hf6eenisom8S7fGJ0pAPqwt3N4m" 1 5 0 4f0 4f0 89f4 "" "" "" 09/04 11:10:40
DENY af_solver_addon 5.0 system aits25a1pc0040 "2824174EC3A1423672D9D02EEA81AE4A" 1 -22 1 6110 09/04 11:11
DENY af_solver_addon 5.0 system aits25a1pc0040 "2824174EC3A1423672D9D02EEA81AE4A" 1 -22 1 6110 09/04 11:12
DENY af_solver_addon 5.0 system aits25a1pc0040 "2824174EC3A1423672D9D02EEA81AE4A" 1 -22 1 6110 09/04 11:13
DENY af_solver_addon 5.0 system aits25a1pc0040 "2824174EC3A1423672D9D02EEA81AE4A" 1 -22 1 6110 09/04 11:14
DENY af_solver_addon 5.0 system aits25a1pc0040 "2824174EC3A1423672D9D02EEA81AE4A" 1 -22 1 6110 09/04 11:15
DENY af_solver_addon 5.0 system aits25a1pc0040 "2824174EC3A1423672D9D02EEA81AE4A" 1 -22 1 6110 09/04 11:16
OUT af_company_string 5.0 1 apichart.c ah18itpc0070 "wnWbZAO9jz-_hihVt0jmqF0UoSlUHyRq" 1 6 0 374 374 46fc "" "" "" 09/04 11:16:55
DENY af_solver_addon 5.0 system aits25a1pc0040 "2824174EC3A1423672D9D02EEA81AE4A" 1 -22 1 6110 09/04 11:17
OUT af_autoform_seat_nu 5.0 9 apichart.c ah18itpc0070 "wnWbZAO9jz-_hihVt0jmqF0UoSlUHyRq" 1 2 0 1e5 1e5 46fc "" "" "" 09/04 11:17:39
OUT af_explorer_addon_nu 5.0 14 apichart.c ah18itpc0070 "wnWbZAO9jz-_hihVt0jmqF0UoSlUHyRq" 1 1 0 159 159 46fc "" "" "" 09/04 11:17:39
OUT af_stampingadviser_addon_nu 5.0 16 apichart.c ah18itpc0070 "wnWbZAO9jz-_hihVt0jmqF0UoSlUHyRq" 1 1 0 46c 46c 46fc "" "" "" 09/04 11:17:39
OUT af_diedesigner_addon_nu 5.0 12 apichart.c ah18itpc0070 "wnWbZAO9jz-_hihVt0jmqF0UoSlUHyRq" 1 2 0 5b3 5b3 46fc "" "" "" 09/04 11:17:39
OUT af_compensator_addon_nu 5.0 17 apichart.c ah18itpc0070 "wnWbZAO9jz-_hihVt0jmqF0UoSlUHyRq" 1 1 0 69 69 46fc "" "" "" 09/04 11:17:39
DENY af_solver_addon 5.0 system aits25a1pc0040 "2824174EC3A1423672D9D02EEA81AE4A" 1 -22 1 6110 09/04 11:18
DENY af_solver_addon 5.0 system aits25a1pc0040 "2824174EC3A1423672D9D02EEA81AE4A" 1 -22 1 6110 09/04 11:19
DENY af_solver_addon 5.0 system aits25a1pc0040 "2824174EC3A1423672D9D02EEA81AE4A" 1 -22 1 6110 09/04 11:20
DENY af_solver_addon 5.0 system aits25a1pc0040 "2824174EC3A1423672D9D02EEA81AE4A" 1 -22 1 6110 09/04 11:21
DENY af_solver_addon 5.0 system aits25a1pc0040 "2824174EC3A1423672D9D02EEA81AE4A" 1 -22 1 6110 09/04 11:22
OUT af_company_string 5.0 1 apichart.c aits25a1nb0300 "AjgvwUD7j1EH_2BX_sKrTF6sykJvaJE2" 1 7 0 dc dc ef9c "" "" "" 09/04 11:22:43
DENY af_autoform_seat_nu 5.0 apichart.c aits25a1nb0300 "AjgvwUD7j1EH_2BX_sKrTF6sykJvaJE2" 1 -22 0 ef9c 09/04 11:22
DENY af_autoform_seat_nu 5.0 apichart.c aits25a1nb0300 "AjgvwUD7j1EH_2BX_sKrTF6sykJvaJE2" 1 -22 0 ef9c 09/04 11:23
DENY af_solver_addon 5.0 system aits25a1pc0040 "2824174EC3A1423672D9D02EEA81AE4A" 1 -22 1 6110 09/04 11:23
DENY af_autoform_seat_nu 5.0 apichart.c aits25a1nb0300 "AjgvwUD7j1EH_2BX_sKrTF6sykJvaJE2" 1 -22 0 ef9c 09/04 11:23
AUTH: 10 60p0453jadanr3y6bw8djyw0ypwcy5cb740crcg22hbgmgcsc95px51bvanffwchjxmpdnnxp8
DENY af_autoform_seat_nu 5.0 apichart.c aits25a1nb0300 "AjgvwUD7j1EH_2BX_sKrTF6sykJvaJE2" 1 -22 0 ef9c 09/04 11:24
DENY af_solver_addon 5.0 system aits25a1pc0040 "2824174EC3A1423672D9D02EEA81AE4A" 1 -22 1 6110 09/04 11:24
DENY af_autoform_seat_nu 5.0 apichart.c aits25a1nb0300 "AjgvwUD7j1EH_2BX_sKrTF6sykJvaJE2" 1 -22 0 ef9c 09/04 11:24
DENY af_autoform_seat_nu 5.0 apichart.c aits25a1nb0300 "AjgvwUD7j1EH_2BX_sKrTF6sykJvaJE2" 1 -22 0 ef9c 09/04 11:25
DENY af_solver_addon 5.0 system aits25a1pc0040 "2824174EC3A1423672D9D02EEA81AE4A" 1 -22 1 6110 09/04 11:25
DENY af_autoform_seat_nu 5.0 apichart.c aits25a1nb0300 "AjgvwUD7j1EH_2BX_sKrTF6sykJvaJE2" 1 -22 0 ef9c 09/04 11:25
DENY af_solver_addon 5.0 system aits25a1pc0040 "2824174EC3A1423672D9D02EEA81AE4A" 1 -22 1 6110 09/04 11:25
DENY af_solver_addon 5.0 system aits25a1pc0040 "41A955066947F85C73C78C7DD14747C2" 1 -22 1 6110 09/04 11:25
DENY af_autoform_seat_nu 5.0 apichart.c aits25a1nb0300 "AjgvwUD7j1EH_2BX_sKrTF6sykJvaJE2" 1 -22 0 ef9c 09/04 11:26
IN 1 af_solver_addon 5.0 piyaphong.t ah18itpc0060 "C73FC73D205AF2C27D85CE6D963ACF0A" 1 0 0 3b9 09/04 11:26:40
IN 1 af_company_string 5.0 piyaphong.t ah18itpc0060 "" 1 6 0 90 09/04 11:26:40
DENY af_autoform_seat_nu 5.0 apichart.c aits25a1nb0300 "AjgvwUD7j1EH_2BX_sKrTF6sykJvaJE2" 1 -22 0 ef9c 09/04 11:26
OUT af_solver_addon 5.0 3 system aits25a1pc0040 "2824174EC3A1423672D9D02EEA81AE4A" 1 1 0 91 91 6110 "" "" "" 09/04 11:26:58
OUT af_solver_addon 5.0 3 system aits25a1pc0040 "2824174EC3A1423672D9D02EEA81AE4A" 1 1 0 3ba 91 4484 "" "" "" 09/04 11:26:58
OUT af_company_string 5.0 1 system aits25a1pc0040 "2824174EC3A1423672D9D02EEA81AE4A" 1 7 0 293 293 4484 "" "" "" 09/04 11:26:59
DENY af_autoform_seat_nu 5.0 apichart.c aits25a1nb0300 "AjgvwUD7j1EH_2BX_sKrTF6sykJvaJE2" 1 -22 0 ef9c 09/04 11:27
DENY af_autoform_seat_nu 5.0 apichart.c aits25a1nb0300 "AjgvwUD7j1EH_2BX_sKrTF6sykJvaJE2" 1 -22 0 ef9c 09/04 11:27
IN 1 af_company_string 5.0 apichart.c ah18itpc0070 "wnWbZAO9jz-_hihVt0jmqF0UoSlUHyRq" 1 6 0 374 09/04 11:28:23
IN 1 af_autoform_seat_nu 5.0 apichart.c ah18itpc0070 "wnWbZAO9jz-_hihVt0jmqF0UoSlUHyRq" 1 1 0 1e5 09/04 11:28:23
IN 1 af_explorer_addon_nu 5.0 apichart.c ah18itpc0070 "wnWbZAO9jz-_hihVt0jmqF0UoSlUHyRq" 1 0 0 159 09/04 11:28:23
IN 1 af_stampingadviser_addon_nu 5.0 apichart.c ah18itpc0070 "wnWbZAO9jz-_hihVt0jmqF0UoSlUHyRq" 1 0 0 46c 09/04 11:28:23
IN 1 af_diedesigner_addon_nu 5.0 apichart.c ah18itpc0070 "wnWbZAO9jz-_hihVt0jmqF0UoSlUHyRq" 1 1 0 5b3 09/04 11:28:23
IN 1 af_compensator_addon_nu 5.0 apichart.c ah18itpc0070 "wnWbZAO9jz-_hihVt0jmqF0UoSlUHyRq" 1 0 0 69 09/04 11:28:23
OUT af_autoform_seat_nu 5.0 9 apichart.c aits25a1nb0300 "AjgvwUD7j1EH_2BX_sKrTF6sykJvaJE2" 1 2 0 6a 6a ef9c "" "" "" 09/04 11:28:30
OUT af_explorer_addon_nu 5.0 14 apichart.c aits25a1nb0300 "AjgvwUD7j1EH_2BX_sKrTF6sykJvaJE2" 1 1 0 5b4 5b4 ef9c "" "" "" 09/04 11:28:30
OUT af_stampingadviser_addon_nu 5.0 16 apichart.c aits25a1nb0300 "AjgvwUD7j1EH_2BX_sKrTF6sykJvaJE2" 1 1 0 46d 46d ef9c "" "" "" 09/04 11:28:30
OUT af_diedesigner_addon_nu 5.0 12 apichart.c aits25a1nb0300 "AjgvwUD7j1EH_2BX_sKrTF6sykJvaJE2" 1 2 0 15a 15a ef9c "" "" "" 09/04 11:28:30
OUT af_compensator_addon_nu 5.0 17 apichart.c aits25a1nb0300 "AjgvwUD7j1EH_2BX_sKrTF6sykJvaJE2" 1 1 0 1e6 1e6 ef9c "" "" "" 09/04 11:28:30
IN 1 af_solver_addon 5.0 system aits25a1pc0040 "2824174EC3A1423672D9D02EEA81AE4A" 1 1 0 3ba 09/04 11:29:29
IN 1 af_company_string 5.0 system aits25a1pc0040 "2824174EC3A1423672D9D02EEA81AE4A" 1 5 0 293 09/04 11:29:29
IN 1 af_solver_addon 5.0 system aits25a1pc0040 "2824174EC3A1423672D9D02EEA81AE4A" 1 0 0 91 09/04 11:29:29
OUT af_solver_addon 5.0 3 system aits25a1pc0040 "41A955066947F85C73C78C7DD14747C2" 1 1 0 92 92 6110 "" "" "" 09/04 11:29:29
OUT af_solver_addon 5.0 3 system aits25a1pc0040 "41A955066947F85C73C78C7DD14747C2" 1 1 0 294 92 2300 "" "" "" 09/04 11:29:30
OUT af_company_string 5.0 1 system aits25a1pc0040 "41A955066947F85C73C78C7DD14747C2" 1 6 0 3bb 3bb 2300 "" "" "" 09/04 11:29:30
IN 1 af_solver_addon 5.0 system aits25a1pc0040 "41A955066947F85C73C78C7DD14747C2" 1 1 0 294 09/04 11:29:59
IN 1 af_company_string 5.0 system aits25a1pc0040 "41A955066947F85C73C78C7DD14747C2" 1 5 0 3bb 09/04 11:29:59
IN 1 af_solver_addon 5.0 system aits25a1pc0040 "41A955066947F85C73C78C7DD14747C2" 1 0 0 92 09/04 11:29:59
09/04/2025 11:31
OUT af_solver_addon 5.0 3 system aits25a1pc0040 "D5C03BE598597AA4F96A8FD0DEEC3240" 1 1 0 93 93 9c4 "" "" "" 09/04 11:48:16
OUT af_solver_addon 5.0 3 system aits25a1pc0040 "D5C03BE598597AA4F96A8FD0DEEC3240" 1 1 0 3bc 93 5364 "" "" "" 09/04 11:48:16
OUT af_company_string 5.0 1 system aits25a1pc0040 "D5C03BE598597AA4F96A8FD0DEEC3240" 1 6 0 295 295 5364 "" "" "" 09/04 11:48:16
IN 1 af_company_string 5.0 piyaphong.t ah18itpc0060 "8lpt9Hf6eenisom8S7fGJ0pAPqwt3N4m" 1 5 0 33e 09/04 11:48:18
OUT af_company_string 5.0 1 piyaphong.t ah18itpc0060 "8lpt9Hf6eenisom8S7fGJ0pAPqwt3N4m" 1 6 0 33f 33f e78 "" "" "" 09/04 11:48:21
AUTH: 11 60p0450fm1r7a0m4wb659ng1v49xbp42vkd4n8r22gpvgn260xjap6pm9cdk0634qm66yv5bg4
IN 1 af_solver_addon 5.0 system aits25a1pc0040 "D5C03BE598597AA4F96A8FD0DEEC3240" 1 1 0 3bc 09/04 12:00:53
IN 1 af_company_string 5.0 system aits25a1pc0040 "D5C03BE598597AA4F96A8FD0DEEC3240" 1 5 0 295 09/04 12:00:53
IN 1 af_solver_addon 5.0 system aits25a1pc0040 "D5C03BE598597AA4F96A8FD0DEEC3240" 1 0 0 93 09/04 12:00:53
OUT af_solver_addon 5.0 3 system aits25a1pc0040 "4A7DFAB2B59C130D509F396367F12754" 1 1 0 94 94 9c4 "" "" "" 09/04 12:00:53
OUT af_solver_addon 5.0 3 system aits25a1pc0040 "4A7DFAB2B59C130D509F396367F12754" 1 1 0 296 94 6438 "" "" "" 09/04 12:00:54
OUT af_company_string 5.0 1 system aits25a1pc0040 "4A7DFAB2B59C130D509F396367F12754" 1 6 0 3bd 3bd 6438 "" "" "" 09/04 12:00:54
09/04/2025 12:01
IN 1 af_solver_addon 5.0 system aits25a1pc0040 "4A7DFAB2B59C130D509F396367F12754" 1 1 0 296 09/04 12:12:43
IN 1 af_company_string 5.0 system aits25a1pc0040 "4A7DFAB2B59C130D509F396367F12754" 1 5 0 3bd 09/04 12:12:43
IN 1 af_solver_addon 5.0 system aits25a1pc0040 "4A7DFAB2B59C130D509F396367F12754" 1 0 0 94 09/04 12:12:43
OUT af_solver_addon 5.0 3 system aits25a1pc0040 "975B9D92B6A6CB4D5E28D29EC8CBC337" 1 1 0 95 95 9c4 "" "" "" 09/04 12:12:43
OUT af_solver_addon 5.0 3 system aits25a1pc0040 "975B9D92B6A6CB4D5E28D29EC8CBC337" 1 1 0 3be 95 3d10 "" "" "" 09/04 12:12:45
OUT af_company_string 5.0 1 system aits25a1pc0040 "975B9D92B6A6CB4D5E28D29EC8CBC337" 1 6 0 297 297 3d10 "" "" "" 09/04 12:12:45
IN 1 af_solver_addon 5.0 system aits25a1pc0040 "975B9D92B6A6CB4D5E28D29EC8CBC337" 1 1 0 3be 09/04 12:16:16
IN 1 af_company_string 5.0 system aits25a1pc0040 "975B9D92B6A6CB4D5E28D29EC8CBC337" 1 5 0 297 09/04 12:16:16
IN 1 af_solver_addon 5.0 system aits25a1pc0040 "975B9D92B6A6CB4D5E28D29EC8CBC337" 1 0 0 95 09/04 12:16:16
OUT af_solver_addon 5.0 3 system aits25a1pc0040 "BD45FD0B7553D945C448177C0753CCF6" 1 1 0 96 96 9c4 "" "" "" 09/04 12:16:16
OUT af_solver_addon 5.0 3 system aits25a1pc0040 "BD45FD0B7553D945C448177C0753CCF6" 1 1 0 298 96 7278 "" "" "" 09/04 12:16:17
OUT af_company_string 5.0 1 system aits25a1pc0040 "BD45FD0B7553D945C448177C0753CCF6" 1 6 0 3bf 3bf 7278 "" "" "" 09/04 12:16:17
IN 1 af_solver_addon 5.0 system aits25a1pc0040 "BD45FD0B7553D945C448177C0753CCF6" 1 1 0 298 09/04 12:17:51
IN 1 af_company_string 5.0 system aits25a1pc0040 "BD45FD0B7553D945C448177C0753CCF6" 1 5 0 3bf 09/04 12:17:51
IN 1 af_solver_addon 5.0 system aits25a1pc0040 "BD45FD0B7553D945C448177C0753CCF6" 1 0 0 96 09/04 12:17:51
OUT af_solver_addon 5.0 3 system aits25a1pc0040 "7C1F5DCC5BC148B2D6AC8286FF42BFBC" 1 1 0 97 97 9c4 "" "" "" 09/04 12:17:51
OUT af_solver_addon 5.0 3 system aits25a1pc0040 "7C1F5DCC5BC148B2D6AC8286FF42BFBC" 1 1 0 380 97 63b8 "" "" "" 09/04 12:17:52
OUT af_company_string 5.0 1 system aits25a1pc0040 "7C1F5DCC5BC148B2D6AC8286FF42BFBC" 1 6 0 299 299 63b8 "" "" "" 09/04 12:17:52
IN 2 af_company_string 5.0 apichart.c aits25a1nb0300 "AjgvwUD7j1EH_2BX_sKrTF6sykJvaJE2" 1 5 0 dc 09/04 12:24:04
IN 2 af_autoform_seat_nu 5.0 apichart.c aits25a1nb0300 "AjgvwUD7j1EH_2BX_sKrTF6sykJvaJE2" 1 1 0 6a 09/04 12:24:04
IN 2 af_explorer_addon_nu 5.0 apichart.c aits25a1nb0300 "AjgvwUD7j1EH_2BX_sKrTF6sykJvaJE2" 1 0 0 5b4 09/04 12:24:04
IN 2 af_stampingadviser_addon_nu 5.0 apichart.c aits25a1nb0300 "AjgvwUD7j1EH_2BX_sKrTF6sykJvaJE2" 1 0 0 46d 09/04 12:24:04
IN 2 af_diedesigner_addon_nu 5.0 apichart.c aits25a1nb0300 "AjgvwUD7j1EH_2BX_sKrTF6sykJvaJE2" 1 1 0 15a 09/04 12:24:04
IN 2 af_compensator_addon_nu 5.0 apichart.c aits25a1nb0300 "AjgvwUD7j1EH_2BX_sKrTF6sykJvaJE2" 1 0 0 1e6 09/04 12:24:04
IN 1 af_solver_addon 5.0 system aits25a1pc0040 "7C1F5DCC5BC148B2D6AC8286FF42BFBC" 1 1 0 380 09/04 12:30:05
IN 1 af_company_string 5.0 system aits25a1pc0040 "7C1F5DCC5BC148B2D6AC8286FF42BFBC" 1 4 0 299 09/04 12:30:05
IN 1 af_solver_addon 5.0 system aits25a1pc0040 "7C1F5DCC5BC148B2D6AC8286FF42BFBC" 1 0 0 97 09/04 12:30:05
09/04/2025 12:31
OUT af_solver_addon 5.0 3 system aits25a1pc0040 "14AE16E934E9489A35B9B0D9E26D6490" 1 1 0 98 98 6aa8 "" "" "" 09/04 12:40:13
OUT af_solver_addon 5.0 3 system aits25a1pc0040 "14AE16E934E9489A35B9B0D9E26D6490" 1 1 0 29a 98 11cc "" "" "" 09/04 12:40:14
OUT af_company_string 5.0 1 system aits25a1pc0040 "14AE16E934E9489A35B9B0D9E26D6490" 1 5 0 381 381 11cc "" "" "" 09/04 12:40:14
IN 1 af_solver_addon 5.0 system aits25a1pc0040 "14AE16E934E9489A35B9B0D9E26D6490" 1 1 0 29a 09/04 12:43:49
IN 1 af_company_string 5.0 system aits25a1pc0040 "14AE16E934E9489A35B9B0D9E26D6490" 1 4 0 381 09/04 12:43:49
IN 1 af_solver_addon 5.0 system aits25a1pc0040 "14AE16E934E9489A35B9B0D9E26D6490" 1 0 0 98 09/04 12:43:49
OUT af_trim_addon 5.0 5 system aits25a1pc0040 "F720039E89D18E78-0324EA18D426D4A" 1 1 0 99 99 6aa8 "" "" "" 09/04 12:43:49
OUT af_solver_addon 5.0 3 system aits25a1pc0040 "F720039E89D18E78-0324EA18D426D4A" 1 1 0 382 382 6aa8 "" "" "" 09/04 12:43:49
OUT af_trim_addon 5.0 5 system aits25a1pc0040 "F720039E89D18E78-0324EA18D426D4A" 1 1 0 29b 99 c64 "" "" "" 09/04 12:43:49
AUTH: 12 60p04506m9mvafp40hdp0u2ntmus6rhb7s7yqmr22hm6tsq10hbydnsv4rwwd9yyh8g2dyqpd0
OUT af_solver_addon 5.0 3 system aits25a1pc0040 "F720039E89D18E78-0324EA18D426D4A" 1 1 0 1e7 382 c64 "" "" "" 09/04 12:43:49
OUT af_company_string 5.0 1 system aits25a1pc0040 "F720039E89D18E78-0324EA18D426D4A" 1 5 0 15b 15b c64 "" "" "" 09/04 12:43:49
OUT af_trim_addon 5.0 5 system aits25a1pc0040 "F720039E89D18E78-0324EA18D426D4A" 1 1 0 46e 99 6de4 "" "" "" 09/04 12:43:54
OUT af_company_string 5.0 1 system aits25a1pc0040 "302D0215008D5F35F5F30F9271C808DE" 1 6 0 5b5 5b5 6de4 "" "" "" 09/04 12:43:54
IN 1 af_trim_addon 5.0 system aits25a1pc0040 "F720039E89D18E78-0324EA18D426D4A" 1 1 0 46e 09/04 12:45:26
IN 1 af_company_string 5.0 system aits25a1pc0040 "302D0215008D5F35F5F30F9271C808DE" 1 5 0 5b5 09/04 12:45:26
OUT af_trim_addon 5.0 5 system aits25a1pc0040 "F720039E89D18E78-0324EA18D426D4A" 1 1 0 5b6 99 2d38 "" "" "" 09/04 12:45:29
OUT af_company_string 5.0 1 system aits25a1pc0040 "302C0214582231D4E8B56AEC17338054" 1 6 0 46f 46f 2d38 "" "" "" 09/04 12:45:29
IN 1 af_trim_addon 5.0 system aits25a1pc0040 "F720039E89D18E78-0324EA18D426D4A" 1 1 0 5b6 09/04 12:47:04
IN 1 af_company_string 5.0 system aits25a1pc0040 "302C0214582231D4E8B56AEC17338054" 1 5 0 46f 09/04 12:47:04
OUT af_trim_addon 5.0 5 system aits25a1pc0040 "F720039E89D18E78-0324EA18D426D4A" 1 1 0 470 99 4490 "" "" "" 09/04 12:47:07
OUT af_company_string 5.0 1 system aits25a1pc0040 "302C02144F18270235B8A702CA3D4347" 1 6 0 5b7 5b7 4490 "" "" "" 09/04 12:47:07
IN 1 af_trim_addon 5.0 system aits25a1pc0040 "F720039E89D18E78-0324EA18D426D4A" 1 1 0 470 09/04 12:48:40
IN 1 af_company_string 5.0 system aits25a1pc0040 "302C02144F18270235B8A702CA3D4347" 1 5 0 5b7 09/04 12:48:40
OUT af_trim_addon 5.0 5 system aits25a1pc0040 "F720039E89D18E78-0324EA18D426D4A" 1 1 0 5b8 99 4f88 "" "" "" 09/04 12:48:43
OUT af_company_string 5.0 1 system aits25a1pc0040 "302C02140AA3BEA98D8571BF84F26C94" 1 6 0 471 471 4f88 "" "" "" 09/04 12:48:44
IN 1 af_trim_addon 5.0 system aits25a1pc0040 "F720039E89D18E78-0324EA18D426D4A" 1 1 0 5b8 09/04 12:50:15
IN 1 af_company_string 5.0 system aits25a1pc0040 "302C02140AA3BEA98D8571BF84F26C94" 1 5 0 471 09/04 12:50:15
IN 1 af_solver_addon 5.0 system aits25a1pc0040 "F720039E89D18E78-0324EA18D426D4A" 1 1 0 382 09/04 12:50:16
IN 1 af_trim_addon 5.0 system aits25a1pc0040 "F720039E89D18E78-0324EA18D426D4A" 1 1 0 99 09/04 12:50:16
DENY af_solver_addon 5.0 system aits25a1pc0040 "C790531052A888BD44B5B4DFF36B46CD" 1 -22 1 6aa8 09/04 12:50
IN 1 af_solver_addon 5.0 system aits25a1pc0040 "F720039E89D18E78-0324EA18D426D4A" 1 0 0 1e7 09/04 12:50:19
IN 1 af_trim_addon 5.0 system aits25a1pc0040 "F720039E89D18E78-0324EA18D426D4A" 1 0 0 29b 09/04 12:50:19
IN 1 af_company_string 5.0 system aits25a1pc0040 "F720039E89D18E78-0324EA18D426D4A" 1 4 0 15b 09/04 12:50:19
OUT af_solver_addon 5.0 3 system aits25a1pc0040 "C790531052A888BD44B5B4DFF36B46CD" 1 1 0 15c 15c 6aa8 "" "" "" 09/04 12:51:17
OUT af_solver_addon 5.0 3 system aits25a1pc0040 "C790531052A888BD44B5B4DFF36B46CD" 1 1 0 29c 15c 3694 "" "" "" 09/04 12:51:17
OUT af_company_string 5.0 1 apichart.c aits25a1nb0300 "AjgvwUD7j1EH_2BX_sKrTF6sykJvaJE2" 1 5 0 1e8 1e8 ef9c "" "" "" 09/04 12:51:17
OUT af_autoform_seat_nu 5.0 9 apichart.c aits25a1nb0300 "AjgvwUD7j1EH_2BX_sKrTF6sykJvaJE2" 1 2 0 9a 9a ef9c "" "" "" 09/04 12:51:17
OUT af_explorer_addon_nu 5.0 14 apichart.c aits25a1nb0300 "AjgvwUD7j1EH_2BX_sKrTF6sykJvaJE2" 1 1 0 383 383 ef9c "" "" "" 09/04 12:51:17
OUT af_stampingadviser_addon_nu 5.0 16 apichart.c aits25a1nb0300 "AjgvwUD7j1EH_2BX_sKrTF6sykJvaJE2" 1 1 0 472 472 ef9c "" "" "" 09/04 12:51:17
OUT af_diedesigner_addon_nu 5.0 12 apichart.c aits25a1nb0300 "AjgvwUD7j1EH_2BX_sKrTF6sykJvaJE2" 1 2 0 5b9 5b9 ef9c "" "" "" 09/04 12:51:17
OUT af_compensator_addon_nu 5.0 17 apichart.c aits25a1nb0300 "AjgvwUD7j1EH_2BX_sKrTF6sykJvaJE2" 1 1 0 6b 6b ef9c "" "" "" 09/04 12:51:17
OUT af_company_string 5.0 1 system aits25a1pc0040 "C790531052A888BD44B5B4DFF36B46CD" 1 6 0 dd dd 3694 "" "" "" 09/04 12:51:17
09/04/2025 13:02
IN 1 af_solver_addon 5.0 system aits25a1pc0040 "C790531052A888BD44B5B4DFF36B46CD" 1 1 0 29c 09/04 13:03:22
IN 1 af_company_string 5.0 system aits25a1pc0040 "C790531052A888BD44B5B4DFF36B46CD" 1 5 0 dd 09/04 13:03:22
IN 1 af_solver_addon 5.0 system aits25a1pc0040 "C790531052A888BD44B5B4DFF36B46CD" 1 0 0 15c 09/04 13:03:23
OUT af_solver_addon 5.0 3 system aits25a1pc0040 "F6F04F6D926BD7E16C6BC728774EAFB6" 1 1 0 15d 15d 6aa8 "" "" "" 09/04 13:03:23
OUT af_solver_addon 5.0 3 system aits25a1pc0040 "F6F04F6D926BD7E16C6BC728774EAFB6" 1 1 0 de 15d 5874 "" "" "" 09/04 13:03:23
OUT af_company_string 5.0 1 system aits25a1pc0040 "F6F04F6D926BD7E16C6BC728774EAFB6" 1 6 0 29d 29d 5874 "" "" "" 09/04 13:03:24
IN 1 af_solver_addon 5.0 system aits25a1pc0040 "F6F04F6D926BD7E16C6BC728774EAFB6" 1 1 0 de 09/04 13:04:50
IN 1 af_company_string 5.0 system aits25a1pc0040 "F6F04F6D926BD7E16C6BC728774EAFB6" 1 5 0 29d 09/04 13:04:50
IN 1 af_solver_addon 5.0 system aits25a1pc0040 "F6F04F6D926BD7E16C6BC728774EAFB6" 1 0 0 15d 09/04 13:04:50
AUTH: 13 60p0451pra452tq2put9tsp3ceny3cgxfvq36kg22gauhc7uh88qy38p3fj4mgkwtsb3cstvxm
OUT af_solver_addon 5.0 3 system aits25a1pc0040 "54906AD1725C124FE249A1D8046DC3A7" 1 1 0 15e 15e 6aa8 "" "" "" 09/04 13:04:50
OUT af_solver_addon 5.0 3 system aits25a1pc0040 "54906AD1725C124FE249A1D8046DC3A7" 1 1 0 29e 15e 5a7c "" "" "" 09/04 13:04:51
OUT af_company_string 5.0 1 system aits25a1pc0040 "54906AD1725C124FE249A1D8046DC3A7" 1 6 0 df df 5a7c "" "" "" 09/04 13:04:51
IN 1 af_solver_addon 5.0 system aits25a1pc0040 "54906AD1725C124FE249A1D8046DC3A7" 1 1 0 29e 09/04 13:06:16
IN 1 af_company_string 5.0 system aits25a1pc0040 "54906AD1725C124FE249A1D8046DC3A7" 1 5 0 df 09/04 13:06:16
IN 1 af_solver_addon 5.0 system aits25a1pc0040 "54906AD1725C124FE249A1D8046DC3A7" 1 0 0 15e 09/04 13:06:16
OUT af_solver_addon 5.0 3 system aits25a1pc0040 "D86AA616E498A33E2BED516E04FA821A" 1 1 0 15f 15f 6aac "" "" "" 09/04 13:13:53
OUT af_solver_addon 5.0 3 system aits25a1pc0040 "D86AA616E498A33E2BED516E04FA821A" 1 1 0 e0 15f 7090 "" "" "" 09/04 13:13:53
OUT af_company_string 5.0 1 system aits25a1pc0040 "D86AA616E498A33E2BED516E04FA821A" 1 6 0 29f 29f 7090 "" "" "" 09/04 13:13:53
IN 1 af_company_string 5.0 apichart.c aits25a1nb0300 "AjgvwUD7j1EH_2BX_sKrTF6sykJvaJE2" 1 5 0 1e8 09/04 13:14:24
IN 1 af_autoform_seat_nu 5.0 apichart.c aits25a1nb0300 "AjgvwUD7j1EH_2BX_sKrTF6sykJvaJE2" 1 1 0 9a 09/04 13:14:24
IN 1 af_explorer_addon_nu 5.0 apichart.c aits25a1nb0300 "AjgvwUD7j1EH_2BX_sKrTF6sykJvaJE2" 1 0 0 383 09/04 13:14:24
IN 1 af_stampingadviser_addon_nu 5.0 apichart.c aits25a1nb0300 "AjgvwUD7j1EH_2BX_sKrTF6sykJvaJE2" 1 0 0 472 09/04 13:14:24
IN 1 af_diedesigner_addon_nu 5.0 apichart.c aits25a1nb0300 "AjgvwUD7j1EH_2BX_sKrTF6sykJvaJE2" 1 1 0 5b9 09/04 13:14:24
IN 1 af_compensator_addon_nu 5.0 apichart.c aits25a1nb0300 "AjgvwUD7j1EH_2BX_sKrTF6sykJvaJE2" 1 0 0 6b 09/04 13:14:24
IN 1 af_company_string 5.0 piyaphong.t ah18itpc0060 "8lpt9Hf6eenisom8S7fGJ0pAPqwt3N4m" 1 4 0 4f0 09/04 13:19:32
OUT af_company_string 5.0 1 apichart.c ah18itpc0070 "torodQw_lCry5rnRWXZfTIC3juGLmXF6" 1 5 0 4f1 4f1 5878 "" "" "" 09/04 13:22:04
OUT af_autoform_seat_nu 5.0 9 apichart.c ah18itpc0070 "torodQw_lCry5rnRWXZfTIC3juGLmXF6" 1 2 0 6c 6c 5878 "" "" "" 09/04 13:22:09
OUT af_explorer_addon_nu 5.0 14 apichart.c ah18itpc0070 "torodQw_lCry5rnRWXZfTIC3juGLmXF6" 1 1 0 5ba 5ba 5878 "" "" "" 09/04 13:22:09
OUT af_stampingadviser_addon_nu 5.0 16 apichart.c ah18itpc0070 "torodQw_lCry5rnRWXZfTIC3juGLmXF6" 1 1 0 473 473 5878 "" "" "" 09/04 13:22:09
OUT af_diedesigner_addon_nu 5.0 12 apichart.c ah18itpc0070 "torodQw_lCry5rnRWXZfTIC3juGLmXF6" 1 2 0 384 384 5878 "" "" "" 09/04 13:22:09
OUT af_compensator_addon_nu 5.0 17 apichart.c ah18itpc0070 "torodQw_lCry5rnRWXZfTIC3juGLmXF6" 1 1 0 9b 9b 5878 "" "" "" 09/04 13:22:09
IN 1 af_solver_addon 5.0 system aits25a1pc0040 "D86AA616E498A33E2BED516E04FA821A" 1 1 0 e0 09/04 13:25:54
IN 1 af_company_string 5.0 system aits25a1pc0040 "D86AA616E498A33E2BED516E04FA821A" 1 4 0 29f 09/04 13:25:54
IN 1 af_solver_addon 5.0 system aits25a1pc0040 "D86AA616E498A33E2BED516E04FA821A" 1 0 0 15f 09/04 13:25:55
OUT af_solver_addon 5.0 3 apichart.c ah18itpc0070 "982E23378A489F03D09A0F435A9FA8B7" 1 1 0 160 160 58f4 "" "" "" 09/04 13:31:32
OUT af_company_string 5.0 1 apichart.c ah18itpc0070 "" 1 5 0 2a0 2a0 58f4 "" "" "" 09/04 13:31:32
09/04/2025 13:32
IN 1 af_solver_addon 5.0 apichart.c ah18itpc0070 "982E23378A489F03D09A0F435A9FA8B7" 1 0 0 160 09/04 13:33:30
IN 1 af_company_string 5.0 apichart.c ah18itpc0070 "" 1 4 0 2a0 09/04 13:33:30
OUT af_solver_addon 5.0 3 system aits25a1pc0040 "3A542147583D5E7A493F80F0615D8FD4" 1 1 0 2a1 2a1 6a60 "" "" "" 09/04 13:37:40
OUT af_solver_addon 5.0 3 system aits25a1pc0040 "3A542147583D5E7A493F80F0615D8FD4" 1 1 0 161 2a1 1cbc "" "" "" 09/04 13:37:40
OUT af_company_string 5.0 1 system aits25a1pc0040 "3A542147583D5E7A493F80F0615D8FD4" 1 5 0 e1 e1 1cbc "" "" "" 09/04 13:37:41
IN 1 af_company_string 5.0 piyaphong.t ah18itpc0060 "8lpt9Hf6eenisom8S7fGJ0pAPqwt3N4m" 1 4 0 196 09/04 13:39:01
IN 1 af_autoform_seat_nu 5.0 piyaphong.t ah18itpc0060 "8lpt9Hf6eenisom8S7fGJ0pAPqwt3N4m" 1 1 0 516 09/04 13:39:01
IN 1 af_diedesigner_addon_nu 5.0 piyaphong.t ah18itpc0060 "8lpt9Hf6eenisom8S7fGJ0pAPqwt3N4m" 1 1 0 567 09/04 13:39:01
IN 1 af_explorer_addon_nu 5.0 piyaphong.t ah18itpc0060 "8lpt9Hf6eenisom8S7fGJ0pAPqwt3N4m" 1 0 0 121 09/04 13:39:01
IN 1 af_stampingadviser_addon_nu 5.0 piyaphong.t ah18itpc0060 "8lpt9Hf6eenisom8S7fGJ0pAPqwt3N4m" 1 0 0 25f 09/04 13:39:01
OUT af_autoform_seat_nu 5.0 9 piyaphong.t ah18itpc0060 "8lpt9Hf6eenisom8S7fGJ0pAPqwt3N4m" 1 2 0 260 260 13fbc "" "" "" 09/04 13:39:06
OUT af_diedesigner_addon_nu 5.0 12 piyaphong.t ah18itpc0060 "8lpt9Hf6eenisom8S7fGJ0pAPqwt3N4m" 1 2 0 122 122 13fbc "" "" "" 09/04 13:39:06
OUT af_explorer_addon_nu 5.0 13 piyaphong.t ah18itpc0060 "8lpt9Hf6eenisom8S7fGJ0pAPqwt3N4m" 1 1 0 568 568 13fbc "" "" "" 09/04 13:39:06
OUT af_stampingadviser_addon_nu 5.0 15 piyaphong.t ah18itpc0060 "8lpt9Hf6eenisom8S7fGJ0pAPqwt3N4m" 1 1 0 517 517 13fbc "" "" "" 09/04 13:39:06
AUTH: 14 60p0451r0p8mccm0mq206qavr9yk1edr009h0jr22h29dk0c1tmn60f6hdfxcswqn0b7es9ex0
OUT af_company_string 5.0 1 piyaphong.t ah18itpc0060 "8lpt9Hf6eenisom8S7fGJ0pAPqwt3N4m" 1 5 0 197 197 7300 "" "" "" 09/04 13:39:10
IN 1 af_company_string 5.0 piyaphong.t ah18itpc0060 "8lpt9Hf6eenisom8S7fGJ0pAPqwt3N4m" 1 4 0 5d1 09/04 13:44:04
IN 1 af_autoform_seat_nu 5.0 piyaphong.t ah18itpc0060 "8lpt9Hf6eenisom8S7fGJ0pAPqwt3N4m" 1 1 0 260 09/04 13:44:04
IN 1 af_diedesigner_addon_nu 5.0 piyaphong.t ah18itpc0060 "8lpt9Hf6eenisom8S7fGJ0pAPqwt3N4m" 1 1 0 122 09/04 13:44:04
IN 1 af_explorer_addon_nu 5.0 piyaphong.t ah18itpc0060 "8lpt9Hf6eenisom8S7fGJ0pAPqwt3N4m" 1 0 0 568 09/04 13:44:04
IN 1 af_stampingadviser_addon_nu 5.0 piyaphong.t ah18itpc0060 "8lpt9Hf6eenisom8S7fGJ0pAPqwt3N4m" 1 0 0 517 09/04 13:44:04
OUT af_autoform_seat_nu 5.0 9 piyaphong.t ah18itpc0060 "8lpt9Hf6eenisom8S7fGJ0pAPqwt3N4m" 1 2 0 518 518 e78 "" "" "" 09/04 13:44:10
OUT af_diedesigner_addon_nu 5.0 12 piyaphong.t ah18itpc0060 "8lpt9Hf6eenisom8S7fGJ0pAPqwt3N4m" 1 2 0 569 569 e78 "" "" "" 09/04 13:44:10
OUT af_explorer_addon_nu 5.0 13 piyaphong.t ah18itpc0060 "8lpt9Hf6eenisom8S7fGJ0pAPqwt3N4m" 1 1 0 123 123 e78 "" "" "" 09/04 13:44:10
OUT af_stampingadviser_addon_nu 5.0 15 piyaphong.t ah18itpc0060 "8lpt9Hf6eenisom8S7fGJ0pAPqwt3N4m" 1 1 0 261 261 e78 "" "" "" 09/04 13:44:10
OUT af_company_string 5.0 1 piyaphong.t ah18itpc0060 "8lpt9Hf6eenisom8S7fGJ0pAPqwt3N4m" 1 5 0 5d2 5d2 97c0 "" "" "" 09/04 13:50:50
DENY af_solver_addon 5.0 apichart.c ah18itpc0070 "C3F9EFEBFD89F674A9AF070DF6112584" 1 -22 1 1680 09/04 13:51
DENY af_solver_addon 5.0 apichart.c ah18itpc0070 "C3F9EFEBFD89F674A9AF070DF6112584" 1 -22 1 1680 09/04 13:52
DENY af_solver_addon 5.0 piyaphong.t ah18itpc0060 "34E35D24B6F10CEA845CEED2F048601E" 1 -22 1 17a14 09/04 13:53
DENY af_solver_addon 5.0 apichart.c ah18itpc0070 "C3F9EFEBFD89F674A9AF070DF6112584" 1 -22 1 1680 09/04 13:53
DENY af_solver_addon 5.0 piyaphong.t ah18itpc0060 "34E35D24B6F10CEA845CEED2F048601E" 1 -22 1 17a14 09/04 13:54
DENY af_solver_addon 5.0 apichart.c ah18itpc0070 "C3F9EFEBFD89F674A9AF070DF6112584" 1 -22 1 1680 09/04 13:54
DENY af_solver_addon 5.0 piyaphong.t ah18itpc0060 "34E35D24B6F10CEA845CEED2F048601E" 1 -22 1 17a14 09/04 13:55
DENY af_solver_addon 5.0 apichart.c ah18itpc0070 "C3F9EFEBFD89F674A9AF070DF6112584" 1 -22 1 1680 09/04 13:55
DENY af_solver_addon 5.0 piyaphong.t ah18itpc0060 "34E35D24B6F10CEA845CEED2F048601E" 1 -22 1 17a14 09/04 13:56
DENY af_solver_addon 5.0 apichart.c ah18itpc0070 "C3F9EFEBFD89F674A9AF070DF6112584" 1 -22 1 1680 09/04 13:56
DENY af_solver_addon 5.0 piyaphong.t ah18itpc0060 "34E35D24B6F10CEA845CEED2F048601E" 1 -22 1 17a14 09/04 13:57
DENY af_solver_addon 5.0 apichart.c ah18itpc0070 "C3F9EFEBFD89F674A9AF070DF6112584" 1 -22 1 1680 09/04 13:57
DENY af_solver_addon 5.0 piyaphong.t ah18itpc0060 "34E35D24B6F10CEA845CEED2F048601E" 1 -22 1 17a14 09/04 13:58
DENY af_solver_addon 5.0 apichart.c ah18itpc0070 "C3F9EFEBFD89F674A9AF070DF6112584" 1 -22 1 1680 09/04 13:58
DENY af_solver_addon 5.0 piyaphong.t ah18itpc0060 "34E35D24B6F10CEA845CEED2F048601E" 1 -22 1 17a14 09/04 13:59
DENY af_solver_addon 5.0 apichart.c ah18itpc0070 "C3F9EFEBFD89F674A9AF070DF6112584" 1 -22 1 1680 09/04 13:59
DENY af_solver_addon 5.0 piyaphong.t ah18itpc0060 "34E35D24B6F10CEA845CEED2F048601E" 1 -22 1 17a14 09/04 14:00
DENY af_solver_addon 5.0 apichart.c ah18itpc0070 "C3F9EFEBFD89F674A9AF070DF6112584" 1 -22 1 1680 09/04 14:00
DENY af_solver_addon 5.0 apichart.c ah18itpc0070 "C3F9EFEBFD89F674A9AF070DF6112584" 1 -22 1 1680 09/04 14:01
DENY af_solver_addon 5.0 piyaphong.t ah18itpc0060 "34E35D24B6F10CEA845CEED2F048601E" 1 -22 1 17a14 09/04 14:01
09/04/2025 14:02
DENY af_solver_addon 5.0 apichart.c ah18itpc0070 "C3F9EFEBFD89F674A9AF070DF6112584" 1 -22 1 1680 09/04 14:02
DENY af_solver_addon 5.0 piyaphong.t ah18itpc0060 "34E35D24B6F10CEA845CEED2F048601E" 1 -22 1 17a14 09/04 14:02
DENY af_solver_addon 5.0 apichart.c ah18itpc0070 "C3F9EFEBFD89F674A9AF070DF6112584" 1 -22 1 1680 09/04 14:03
DENY af_solver_addon 5.0 piyaphong.t ah18itpc0060 "34E35D24B6F10CEA845CEED2F048601E" 1 -22 1 17a14 09/04 14:03
DENY af_solver_addon 5.0 apichart.c ah18itpc0070 "C3F9EFEBFD89F674A9AF070DF6112584" 1 -22 1 1680 09/04 14:04
DENY af_solver_addon 5.0 piyaphong.t ah18itpc0060 "34E35D24B6F10CEA845CEED2F048601E" 1 -22 1 17a14 09/04 14:04
OUT af_company_string 5.0 1 piyaphong.t ah18itpc0060 "8lpt9Hf6eenisom8S7fGJ0pAPqwt3N4m" 1 6 0 1e9 1e9 ce40 "" "" "" 09/04 14:04:46
DENY af_solver_addon 5.0 apichart.c ah18itpc0070 "C3F9EFEBFD89F674A9AF070DF6112584" 1 -22 1 1680 09/04 14:05
DENY af_solver_addon 5.0 piyaphong.t ah18itpc0060 "34E35D24B6F10CEA845CEED2F048601E" 1 -22 1 17a14 09/04 14:05
DENY af_solver_addon 5.0 apichart.c ah18itpc0070 "C3F9EFEBFD89F674A9AF070DF6112584" 1 -22 1 1680 09/04 14:06
DENY af_solver_addon 5.0 piyaphong.t ah18itpc0060 "34E35D24B6F10CEA845CEED2F048601E" 1 -22 1 17a14 09/04 14:06
DENY af_solver_addon 5.0 apichart.c ah18itpc0070 "C3F9EFEBFD89F674A9AF070DF6112584" 1 -22 1 1680 09/04 14:07
AUTH: 15 60p04580js4tv4xwmsd8mgpcyag5gs5cwrtkvfng089pbr9tn8ydhyk5205bbt3t3vd20x1ddc
DENY af_solver_addon 5.0 piyaphong.t ah18itpc0060 "34E35D24B6F10CEA845CEED2F048601E" 1 -22 1 17a14 09/04 14:07
OUT af_company_string 5.0 1 apichart.c ah18itpc0070 "torodQw_lCry5rnRWXZfTIC3juGLmXF6" 1 7 0 375 375 4c14 "" "" "" 09/04 14:07:46
DENY af_solver_addon 5.0 apichart.c ah18itpc0070 "C3F9EFEBFD89F674A9AF070DF6112584" 1 -22 1 1680 09/04 14:08
DENY af_solver_addon 5.0 piyaphong.t ah18itpc0060 "34E35D24B6F10CEA845CEED2F048601E" 1 -22 1 17a14 09/04 14:08
DENY af_solver_addon 5.0 apichart.c ah18itpc0070 "C3F9EFEBFD89F674A9AF070DF6112584" 1 -22 1 1680 09/04 14:09
DENY af_solver_addon 5.0 piyaphong.t ah18itpc0060 "34E35D24B6F10CEA845CEED2F048601E" 1 -22 1 17a14 09/04 14:09
DENY af_solver_addon 5.0 apichart.c ah18itpc0070 "C3F9EFEBFD89F674A9AF070DF6112584" 1 -22 1 1680 09/04 14:10
DENY af_solver_addon 5.0 piyaphong.t ah18itpc0060 "34E35D24B6F10CEA845CEED2F048601E" 1 -22 1 17a14 09/04 14:10
DENY af_solver_addon 5.0 apichart.c ah18itpc0070 "C3F9EFEBFD89F674A9AF070DF6112584" 1 -22 1 1680 09/04 14:11
DENY af_solver_addon 5.0 piyaphong.t ah18itpc0060 "34E35D24B6F10CEA845CEED2F048601E" 1 -22 1 17a14 09/04 14:11
IN 1 af_solver_addon 5.0 system aits25a1pc0040 "3A542147583D5E7A493F80F0615D8FD4" 1 1 0 161 09/04 14:12:13
IN 1 af_company_string 5.0 system aits25a1pc0040 "3A542147583D5E7A493F80F0615D8FD4" 1 6 0 e1 09/04 14:12:13
IN 1 af_solver_addon 5.0 system aits25a1pc0040 "3A542147583D5E7A493F80F0615D8FD4" 1 0 0 2a1 09/04 14:12:13
OUT af_solver_addon 5.0 3 system aits25a1pc0040 "A7F6991DAE6AA630C2518A06D0C29DE6" 1 1 0 2a2 2a2 6a60 "" "" "" 09/04 14:12:13
OUT af_solver_addon 5.0 3 system aits25a1pc0040 "A7F6991DAE6AA630C2518A06D0C29DE6" 1 1 0 e2 2a2 6874 "" "" "" 09/04 14:12:14
OUT af_company_string 5.0 1 system aits25a1pc0040 "A7F6991DAE6AA630C2518A06D0C29DE6" 1 7 0 162 162 6874 "" "" "" 09/04 14:12:15
DENY af_solver_addon 5.0 apichart.c ah18itpc0070 "C3F9EFEBFD89F674A9AF070DF6112584" 1 -22 1 1680 09/04 14:12
DENY af_solver_addon 5.0 piyaphong.t ah18itpc0060 "34E35D24B6F10CEA845CEED2F048601E" 1 -22 1 17a14 09/04 14:12
DENY af_solver_addon 5.0 apichart.c ah18itpc0070 "C3F9EFEBFD89F674A9AF070DF6112584" 1 -22 1 1680 09/04 14:13
DENY af_solver_addon 5.0 piyaphong.t ah18itpc0060 "34E35D24B6F10CEA845CEED2F048601E" 1 -22 1 17a14 09/04 14:13
DENY af_solver_addon 5.0 apichart.c ah18itpc0070 "C3F9EFEBFD89F674A9AF070DF6112584" 1 -22 1 1680 09/04 14:14
DENY af_solver_addon 5.0 piyaphong.t ah18itpc0060 "34E35D24B6F10CEA845CEED2F048601E" 1 -22 1 17a14 09/04 14:14
DENY af_solver_addon 5.0 apichart.c ah18itpc0070 "C3F9EFEBFD89F674A9AF070DF6112584" 1 -22 1 1680 09/04 14:15
DENY af_solver_addon 5.0 piyaphong.t ah18itpc0060 "34E35D24B6F10CEA845CEED2F048601E" 1 -22 1 17a14 09/04 14:15
DENY af_solver_addon 5.0 apichart.c ah18itpc0070 "C3F9EFEBFD89F674A9AF070DF6112584" 1 -22 1 1680 09/04 14:16
DENY af_solver_addon 5.0 piyaphong.t ah18itpc0060 "34E35D24B6F10CEA845CEED2F048601E" 1 -22 1 17a14 09/04 14:16
IN 1 af_solver_addon 5.0 system aits25a1pc0040 "A7F6991DAE6AA630C2518A06D0C29DE6" 1 1 0 e2 09/04 14:16:59
IN 1 af_company_string 5.0 system aits25a1pc0040 "A7F6991DAE6AA630C2518A06D0C29DE6" 1 6 0 162 09/04 14:16:59
IN 1 af_solver_addon 5.0 system aits25a1pc0040 "A7F6991DAE6AA630C2518A06D0C29DE6" 1 0 0 2a2 09/04 14:16:59
OUT af_solver_addon 5.0 3 apichart.c ah18itpc0070 "C3F9EFEBFD89F674A9AF070DF6112584" 1 1 0 2a3 2a3 1680 "" "" "" 09/04 14:17:44
OUT af_solver_addon 5.0 3 apichart.c ah18itpc0070 "C3F9EFEBFD89F674A9AF070DF6112584" 1 1 0 163 2a3 2458 "" "" "" 09/04 14:17:46
OUT af_company_string 5.0 1 apichart.c ah18itpc0070 "C3F9EFEBFD89F674A9AF070DF6112584" 1 7 0 e3 e3 2458 "" "" "" 09/04 14:17:46
DENY af_solver_addon 5.0 piyaphong.t ah18itpc0060 "34E35D24B6F10CEA845CEED2F048601E" 1 -22 1 17a14 09/04 14:17
DENY af_solver_addon 5.0 piyaphong.t ah18itpc0060 "34E35D24B6F10CEA845CEED2F048601E" 1 -22 1 17a14 09/04 14:18
IN 1 af_solver_addon 5.0 apichart.c ah18itpc0070 "C3F9EFEBFD89F674A9AF070DF6112584" 1 1 0 163 09/04 14:19:42
IN 1 af_company_string 5.0 apichart.c ah18itpc0070 "C3F9EFEBFD89F674A9AF070DF6112584" 1 6 0 e3 09/04 14:19:42
IN 1 af_solver_addon 5.0 apichart.c ah18itpc0070 "C3F9EFEBFD89F674A9AF070DF6112584" 1 0 0 2a3 09/04 14:19:43
--OUT af_solver_addon 5.0 3 piyaphong.t ah18itpc0060 "34E35D24B6F10CEA845CEED2F048601E" 1 1 0 2a4 2a4 17a14 "" "" "" 09/04 14:19:58
--OUT af_solver_addon 5.0 3 piyaphong.t ah18itpc0060 "34E35D24B6F10CEA845CEED2F048601E" 1 1 0 e4 2a4 1c49c "" "" "" 09/04 14:19:59
OUT af_company_string 5.0 1 piyaphong.t ah18itpc0060 "34E35D24B6F10CEA845CEED2F048601E" 1 7 0 164 164 1c49c "" "" "" 09/04 14:20:00
--IN 1 af_solver_addon 5.0 piyaphong.t ah18itpc0060 "34E35D24B6F10CEA845CEED2F048601E" 1 1 0 e4 09/04 14:21:06
IN 1 af_company_string 5.0 piyaphong.t ah18itpc0060 "34E35D24B6F10CEA845CEED2F048601E" 1 6 0 164 09/04 14:21:06
--IN 1 af_solver_addon 5.0 piyaphong.t ah18itpc0060 "34E35D24B6F10CEA845CEED2F048601E" 1 0 0 2a4 09/04 14:21:06
AUTH: 16 60pg4580gjutxp4vrr3s06c9nhcqbtbjvk8j14w508a3dm36t8gna5tfvnaueb0kcvap3qs5bjhg
OUT af_solver_addon 5.0 3 system aits25a1pc0040 "2DE48FE1AE9DEC6FA1F9684CAD462BDB" 1 1 0 2a5 2a5 7288 "" "" "" 09/04 14:24:16
OUT af_solver_addon 5.0 3 system aits25a1pc0040 "2DE48FE1AE9DEC6FA1F9684CAD462BDB" 1 1 0 165 2a5 6a28 "" "" "" 09/04 14:24:17
OUT af_company_string 5.0 1 system aits25a1pc0040 "2DE48FE1AE9DEC6FA1F9684CAD462BDB" 1 7 0 e5 e5 6a28 "" "" "" 09/04 14:24:17
IN 2 af_company_string 5.0 piyaphong.t ah18itpc0060 "8lpt9Hf6eenisom8S7fGJ0pAPqwt3N4m" 1 6 0 1e9 09/04 14:24:31
DENY af_solver_addon 5.0 piyaphong.t ah18itpc0060 "B1E2A3BF16A7D76642A7ACFF5D2A1D53" 1 -22 1 19c68 09/04 14:28
IN 1 af_company_string 5.0 piyaphong.t ah18itpc0060 "8lpt9Hf6eenisom8S7fGJ0pAPqwt3N4m" 1 5 0 197 09/04 14:28:08
OUT af_company_string 5.0 1 piyaphong.t ah18itpc0060 "8lpt9Hf6eenisom8S7fGJ0pAPqwt3N4m" 1 6 0 198 198 60c8 "" "" "" 09/04 14:28:19
DENY af_solver_addon 5.0 piyaphong.t ah18itpc0060 "B1E2A3BF16A7D76642A7ACFF5D2A1D53" 1 -22 1 19c68 09/04 14:29
DENY af_solver_addon 5.0 piyaphong.t ah18itpc0060 "B1E2A3BF16A7D76642A7ACFF5D2A1D53" 1 -22 1 19c68 09/04 14:30
DENY af_solver_addon 5.0 piyaphong.t ah18itpc0060 "B1E2A3BF16A7D76642A7ACFF5D2A1D53" 1 -22 1 19c68 09/04 14:31
09/04/2025 14:32
DENY af_solver_addon 5.0 piyaphong.t ah18itpc0060 "B1E2A3BF16A7D76642A7ACFF5D2A1D53" 1 -22 1 19c68 09/04 14:32
DENY af_solver_addon 5.0 piyaphong.t ah18itpc0060 "B1E2A3BF16A7D76642A7ACFF5D2A1D53" 1 -22 1 19c68 09/04 14:33
DENY af_solver_addon 5.0 piyaphong.t ah18itpc0060 "B1E2A3BF16A7D76642A7ACFF5D2A1D53" 1 -22 1 19c68 09/04 14:34
DENY af_solver_addon 5.0 piyaphong.t ah18itpc0060 "B1E2A3BF16A7D76642A7ACFF5D2A1D53" 1 -22 1 19c68 09/04 14:35
IN 1 af_solver_addon 5.0 system aits25a1pc0040 "2DE48FE1AE9DEC6FA1F9684CAD462BDB" 1 1 0 165 09/04 14:35:54
IN 1 af_company_string 5.0 system aits25a1pc0040 "2DE48FE1AE9DEC6FA1F9684CAD462BDB" 1 5 0 e5 09/04 14:35:54
IN 1 af_solver_addon 5.0 system aits25a1pc0040 "2DE48FE1AE9DEC6FA1F9684CAD462BDB" 1 0 0 2a5 09/04 14:35:54
OUT af_solver_addon 5.0 3 piyaphong.t ah18itpc0060 "B1E2A3BF16A7D76642A7ACFF5D2A1D53" 1 1 0 2a6 2a6 19c68 "" "" "" 09/04 14:36:09
OUT af_solver_addon 5.0 3 piyaphong.t ah18itpc0060 "B1E2A3BF16A7D76642A7ACFF5D2A1D53" 1 1 0 e6 2a6 d75c "" "" "" 09/04 14:36:10
OUT af_company_string 5.0 1 piyaphong.t ah18itpc0060 "B1E2A3BF16A7D76642A7ACFF5D2A1D53" 1 6 0 166 166 d75c "" "" "" 09/04 14:36:10
IN 1 af_solver_addon 5.0 piyaphong.t ah18itpc0060 "B1E2A3BF16A7D76642A7ACFF5D2A1D53" 1 1 0 e6 09/04 14:37:20
IN 1 af_company_string 5.0 piyaphong.t ah18itpc0060 "B1E2A3BF16A7D76642A7ACFF5D2A1D53" 1 5 0 166 09/04 14:37:21
IN 1 af_solver_addon 5.0 piyaphong.t ah18itpc0060 "B1E2A3BF16A7D76642A7ACFF5D2A1D53" 1 0 0 2a6 09/04 14:37:21
OUT af_solver_addon 5.0 3 piyaphong.t ah18itpc0060 "2993ABFDDED36795BC6DE07859B27DE5" 1 1 0 2a7 2a7 16bb4 "" "" "" 09/04 14:40:14
OUT af_company_string 5.0 1 piyaphong.t ah18itpc0060 "" 1 6 0 167 167 16bb4 "" "" "" 09/04 14:40:15
IN 1 af_company_string 5.0 apichart.c ah18itpc0070 "torodQw_lCry5rnRWXZfTIC3juGLmXF6" 1 5 0 375 09/04 14:42:30
IN 1 af_solver_addon 5.0 piyaphong.t ah18itpc0060 "2993ABFDDED36795BC6DE07859B27DE5" 1 0 0 2a7 09/04 14:43:05
IN 1 af_company_string 5.0 piyaphong.t ah18itpc0060 "" 1 4 0 167 09/04 14:43:05
OUT af_solver_addon 5.0 3 system aits25a1pc0040 "41F8A825A42B37A52BB89286FD791D85" 1 1 0 168 168 3a08 "" "" "" 09/04 14:47:30
OUT af_solver_addon 5.0 3 system aits25a1pc0040 "41F8A825A42B37A52BB89286FD791D85" 1 1 0 2a8 168 6164 "" "" "" 09/04 14:47:31
OUT af_company_string 5.0 1 system aits25a1pc0040 "41F8A825A42B37A52BB89286FD791D85" 1 5 0 376 376 6164 "" "" "" 09/04 14:47:31
IN 1 af_solver_addon 5.0 system aits25a1pc0040 "41F8A825A42B37A52BB89286FD791D85" 1 1 0 2a8 09/04 14:59:08
IN 1 af_company_string 5.0 system aits25a1pc0040 "41F8A825A42B37A52BB89286FD791D85" 1 4 0 376 09/04 14:59:08
IN 1 af_solver_addon 5.0 system aits25a1pc0040 "41F8A825A42B37A52BB89286FD791D85" 1 0 0 168 09/04 14:59:08
09/04/2025 15:02
OUT af_solver_addon 5.0 3 apichart.c ah18itpc0070 "BBA75791FA3B548DE0C836A63CCF2A06" 1 1 0 169 169 19e8 "" "" "" 09/04 15:08:05
OUT af_company_string 5.0 1 apichart.c ah18itpc0070 "" 1 5 0 377 377 19e8 "" "" "" 09/04 15:08:05
OUT af_company_string 5.0 1 apichart.c ah18itpc0070 "torodQw_lCry5rnRWXZfTIC3juGLmXF6" 1 6 0 2a9 2a9 5214 "" "" "" 09/04 15:08:23
IN 1 af_solver_addon 5.0 apichart.c ah18itpc0070 "BBA75791FA3B548DE0C836A63CCF2A06" 1 0 0 169 09/04 15:12:45
IN 1 af_company_string 5.0 apichart.c ah18itpc0070 "" 1 5 0 377 09/04 15:12:45
OUT af_solver_addon 5.0 3 apichart.c ah18itpc0070 "02AA369C69EE2411A0E812A0C2BA0930" 1 1 0 378 378 330 "" "" "" 09/04 15:31:51
OUT af_company_string 5.0 1 apichart.c ah18itpc0070 "" 1 6 0 16a 16a 330 "" "" "" 09/04 15:31:52
09/04/2025 15:32
OUT af_company_string 5.0 1 apichart.c ah18itpc0070 "torodQw_lCry5rnRWXZfTIC3juGLmXF6" 1 7 0 e7 e7 43ec "" "" "" 09/04 15:36:23
IN 1 af_solver_addon 5.0 apichart.c ah18itpc0070 "02AA369C69EE2411A0E812A0C2BA0930" 1 0 0 378 09/04 15:36:39
AUTH: 17 60p0452k4sw2ybn9qsx1gjw5fqcqpdbsftsxg8822hv56e88n3erm8rq7yrg9sjd2fy75s6yr8
IN 1 af_company_string 5.0 apichart.c ah18itpc0070 "" 1 6 0 16a 09/04 15:36:39
OUT af_solver_addon 5.0 3 apichart.c ah18itpc0070 "813D388DDF29F13F87FAA644EC2CA2EA" 1 1 0 16b 16b 102c "" "" "" 09/04 15:48:50
OUT af_company_string 5.0 1 apichart.c ah18itpc0070 "" 1 7 0 379 379 102c "" "" "" 09/04 15:48:51
IN 1 af_solver_addon 5.0 apichart.c ah18itpc0070 "813D388DDF29F13F87FAA644EC2CA2EA" 1 0 0 16b 09/04 15:50:52
IN 1 af_company_string 5.0 apichart.c ah18itpc0070 "" 1 6 0 379 09/04 15:50:52
IN 1 af_company_string 5.0 apichart.c ah18itpc0070 "torodQw_lCry5rnRWXZfTIC3juGLmXF6" 1 5 0 2a9 09/04 15:52:45
OUT af_solver_addon 5.0 3 system aits25a1pc0040 "AB076D4A1FB9CF401F78357A5A3079DE" 1 1 0 2aa 2aa 4598 "" "" "" 09/04 15:57:44
OUT af_solver_addon 5.0 3 system aits25a1pc0040 "AB076D4A1FB9CF401F78357A5A3079DE" 1 1 0 37a 2aa 4e5c "" "" "" 09/04 15:57:44
OUT af_company_string 5.0 1 system aits25a1pc0040 "AB076D4A1FB9CF401F78357A5A3079DE" 1 6 0 16c 16c 4e5c "" "" "" 09/04 15:57:45
09/04/2025 16:02
DENY af_solver_addon 5.0 apichart.c ah18itpc0070 "E3CED7119AE545ED8944B024F10D508B" 1 -22 1 10b4 09/04 16:05
IN 1 af_solver_addon 5.0 system aits25a1pc0040 "AB076D4A1FB9CF401F78357A5A3079DE" 1 1 0 37a 09/04 16:06:16
IN 1 af_company_string 5.0 system aits25a1pc0040 "AB076D4A1FB9CF401F78357A5A3079DE" 1 5 0 16c 09/04 16:06:16
IN 1 af_solver_addon 5.0 system aits25a1pc0040 "AB076D4A1FB9CF401F78357A5A3079DE" 1 0 0 2aa 09/04 16:06:17
OUT af_solver_addon 5.0 3 apichart.c ah18itpc0070 "E3CED7119AE545ED8944B024F10D508B" 1 1 0 2ab 2ab 10b4 "" "" "" 09/04 16:06:58
OUT af_solver_addon 5.0 3 apichart.c ah18itpc0070 "E3CED7119AE545ED8944B024F10D508B" 1 1 0 16d 2ab 3364 "" "" "" 09/04 16:06:59
OUT af_company_string 5.0 1 apichart.c ah18itpc0070 "E3CED7119AE545ED8944B024F10D508B" 1 6 0 37b 37b 3364 "" "" "" 09/04 16:06:59
IN 1 af_solver_addon 5.0 apichart.c ah18itpc0070 "E3CED7119AE545ED8944B024F10D508B" 1 1 0 16d 09/04 16:08:18
IN 1 af_company_string 5.0 apichart.c ah18itpc0070 "E3CED7119AE545ED8944B024F10D508B" 1 5 0 37b 09/04 16:08:18
IN 1 af_solver_addon 5.0 apichart.c ah18itpc0070 "E3CED7119AE545ED8944B024F10D508B" 1 0 0 2ab 09/04 16:08:18
OUT af_solver_addon 5.0 3 apichart.c ah18itpc0070 "D2A54071890E8035C34C1796E5C1514F" 1 1 0 2ac 2ac 4060 "" "" "" 09/04 16:13:24
OUT af_solver_addon 5.0 3 apichart.c ah18itpc0070 "D2A54071890E8035C34C1796E5C1514F" 1 1 0 37c 2ac 7bc "" "" "" 09/04 16:13:24
OUT af_company_string 5.0 1 apichart.c ah18itpc0070 "D2A54071890E8035C34C1796E5C1514F" 1 6 0 16e 16e 7bc "" "" "" 09/04 16:13:25
IN 1 af_solver_addon 5.0 apichart.c ah18itpc0070 "D2A54071890E8035C34C1796E5C1514F" 1 1 0 37c 09/04 16:15:35
IN 1 af_company_string 5.0 apichart.c ah18itpc0070 "D2A54071890E8035C34C1796E5C1514F" 1 5 0 16e 09/04 16:15:35
IN 1 af_solver_addon 5.0 apichart.c ah18itpc0070 "D2A54071890E8035C34C1796E5C1514F" 1 0 0 2ac 09/04 16:15:35
OUT af_company_string 5.0 1 piyaphong.t ah18itpc0060 "8lpt9Hf6eenisom8S7fGJ0pAPqwt3N4m" 1 6 0 2ad 2ad 5f24 "" "" "" 09/04 16:20:41
OUT af_solver_addon 5.0 3 apichart.c ah18itpc0070 "912DC4F481C6C5311B654F45A2AF1F2B" 1 1 0 16f 16f 58d0 "" "" "" 09/04 16:22:30
OUT af_solver_addon 5.0 3 apichart.c ah18itpc0070 "912DC4F481C6C5311B654F45A2AF1F2B" 1 1 0 37d 16f 4a8c "" "" "" 09/04 16:22:31
OUT af_company_string 5.0 1 apichart.c ah18itpc0070 "912DC4F481C6C5311B654F45A2AF1F2B" 1 7 0 1ea 1ea 4a8c "" "" "" 09/04 16:22:31
IN 1 af_solver_addon 5.0 apichart.c ah18itpc0070 "912DC4F481C6C5311B654F45A2AF1F2B" 1 1 0 37d 09/04 16:24:30
IN 1 af_company_string 5.0 apichart.c ah18itpc0070 "912DC4F481C6C5311B654F45A2AF1F2B" 1 6 0 1ea 09/04 16:24:30
IN 1 af_solver_addon 5.0 apichart.c ah18itpc0070 "912DC4F481C6C5311B654F45A2AF1F2B" 1 0 0 16f 09/04 16:24:31
09/04/2025 16:32
IN 1 af_company_string 5.0 piyaphong.t ah18itpc0060 "8lpt9Hf6eenisom8S7fGJ0pAPqwt3N4m" 1 5 0 2ad 09/04 16:53:59
IN 1 af_company_string 5.0 piyaphong.t ah18itpc0060 "8lpt9Hf6eenisom8S7fGJ0pAPqwt3N4m" 1 4 0 33f 09/04 16:55:06
IN 1 af_autoform_seat_nu 5.0 piyaphong.t ah18itpc0060 "8lpt9Hf6eenisom8S7fGJ0pAPqwt3N4m" 1 1 0 518 09/04 16:55:06
IN 1 af_diedesigner_addon_nu 5.0 piyaphong.t ah18itpc0060 "8lpt9Hf6eenisom8S7fGJ0pAPqwt3N4m" 1 1 0 569 09/04 16:55:06
IN 1 af_explorer_addon_nu 5.0 piyaphong.t ah18itpc0060 "8lpt9Hf6eenisom8S7fGJ0pAPqwt3N4m" 1 0 0 123 09/04 16:55:06
IN 1 af_stampingadviser_addon_nu 5.0 piyaphong.t ah18itpc0060 "8lpt9Hf6eenisom8S7fGJ0pAPqwt3N4m" 1 0 0 261 09/04 16:55:06
OUT af_autoform_seat_nu 5.0 9 piyaphong.t ah18itpc0060 "8lpt9Hf6eenisom8S7fGJ0pAPqwt3N4m" 1 2 0 262 262 97c0 "" "" "" 09/04 16:55:12
OUT af_diedesigner_addon_nu 5.0 12 piyaphong.t ah18itpc0060 "8lpt9Hf6eenisom8S7fGJ0pAPqwt3N4m" 1 2 0 124 124 97c0 "" "" "" 09/04 16:55:12
OUT af_explorer_addon_nu 5.0 13 piyaphong.t ah18itpc0060 "8lpt9Hf6eenisom8S7fGJ0pAPqwt3N4m" 1 1 0 56a 56a 97c0 "" "" "" 09/04 16:55:12
OUT af_stampingadviser_addon_nu 5.0 15 piyaphong.t ah18itpc0060 "8lpt9Hf6eenisom8S7fGJ0pAPqwt3N4m" 1 1 0 519 519 97c0 "" "" "" 09/04 16:55:12
AUTH: 18 60p04535ky3y1rdgwt7d4fjru6nqt256j9v9hp822gt5x3sfm5hdg07w5gh940778hwj00t4kv
IN 1 af_company_string 5.0 piyaphong.t ah18itpc0060 "8lpt9Hf6eenisom8S7fGJ0pAPqwt3N4m" 1 3 0 5d2 09/04 17:01:22
IN 1 af_autoform_seat_nu 5.0 piyaphong.t ah18itpc0060 "8lpt9Hf6eenisom8S7fGJ0pAPqwt3N4m" 1 1 0 262 09/04 17:01:22
IN 1 af_diedesigner_addon_nu 5.0 piyaphong.t ah18itpc0060 "8lpt9Hf6eenisom8S7fGJ0pAPqwt3N4m" 1 1 0 124 09/04 17:01:22
IN 1 af_explorer_addon_nu 5.0 piyaphong.t ah18itpc0060 "8lpt9Hf6eenisom8S7fGJ0pAPqwt3N4m" 1 0 0 56a 09/04 17:01:22
IN 1 af_stampingadviser_addon_nu 5.0 piyaphong.t ah18itpc0060 "8lpt9Hf6eenisom8S7fGJ0pAPqwt3N4m" 1 0 0 519 09/04 17:01:22
OUT af_company_string 5.0 1 piyaphong.t ah18itpc0060 "yRMsRRYVZJv-T64FiXQKSX_Nm6iFBqDy" 1 4 0 51a 51a df24 "" "" "" 09/04 17:01:28
OUT af_autoform_seat_nu 5.0 9 piyaphong.t ah18itpc0060 "yRMsRRYVZJv-T64FiXQKSX_Nm6iFBqDy" 1 2 0 56b 56b df24 "" "" "" 09/04 17:01:33
OUT af_explorer_addon_nu 5.0 13 piyaphong.t ah18itpc0060 "yRMsRRYVZJv-T64FiXQKSX_Nm6iFBqDy" 1 1 0 125 125 df24 "" "" "" 09/04 17:01:33
OUT af_stampingadviser_addon_nu 5.0 15 piyaphong.t ah18itpc0060 "yRMsRRYVZJv-T64FiXQKSX_Nm6iFBqDy" 1 1 0 263 263 df24 "" "" "" 09/04 17:01:33
OUT af_diedesigner_addon_nu 5.0 12 piyaphong.t ah18itpc0060 "yRMsRRYVZJv-T64FiXQKSX_Nm6iFBqDy" 1 2 0 5d3 5d3 df24 "" "" "" 09/04 17:01:33
IN 1 af_company_string 5.0 piyaphong.t ah18itpc0060 "8lpt9Hf6eenisom8S7fGJ0pAPqwt3N4m" 1 3 0 198 09/04 17:01:36
09/04/2025 17:02
OUT af_solver_addon 5.0 3 piyaphong.t ah18itpc0060 "E5DCC49483891F0C948169B7362ABBE3" 1 1 0 199 199 14464 "" "" "" 09/04 17:05:25
OUT af_company_string 5.0 1 piyaphong.t ah18itpc0060 "" 1 4 0 300 300 14464 "" "" "" 09/04 17:05:26
OUT af_company_string 5.0 1 piyaphong.t ah18itpc0060 "yRMsRRYVZJv-T64FiXQKSX_Nm6iFBqDy" 1 5 0 2ae 2ae 81b8 "" "" "" 09/04 17:07:20
IN 1 af_solver_addon 5.0 piyaphong.t ah18itpc0060 "E5DCC49483891F0C948169B7362ABBE3" 1 0 0 199 09/04 17:08:06
IN 1 af_company_string 5.0 piyaphong.t ah18itpc0060 "" 1 4 0 300 09/04 17:08:06
09/04/2025 17:32
OUT af_solver_addon 5.0 3 apichart.c ah18itpc0070 "E668123CAFA529AC01252C91BF5DDB77" 1 1 0 301 301 4404 "" "" "" 09/04 17:51:35
OUT af_company_string 5.0 1 apichart.c ah18itpc0070 "" 1 5 0 19a 19a 4404 "" "" "" 09/04 17:51:36
IN 1 af_solver_addon 5.0 apichart.c ah18itpc0070 "E668123CAFA529AC01252C91BF5DDB77" 1 0 0 301 09/04 17:53:41
IN 1 af_company_string 5.0 apichart.c ah18itpc0070 "" 1 4 0 19a 09/04 17:53:41
09/04/2025 18:02
OUT af_company_string 5.0 1 apichart.c ah18itpc0070 "torodQw_lCry5rnRWXZfTIC3juGLmXF6" 1 5 0 19b 19b 529c "" "" "" 09/04 18:07:22
OUT af_solver_addon 5.0 3 piyaphong.t ah18itpc0060 "9EC33E83D77ED9A3B64B8FC728E89D24" 1 1 0 302 302 55bc "" "" "" 09/04 18:12:51
OUT af_company_string 5.0 1 piyaphong.t ah18itpc0060 "" 1 6 0 170 170 55bc "" "" "" 09/04 18:12:52
IN 1 af_solver_addon 5.0 piyaphong.t ah18itpc0060 "9EC33E83D77ED9A3B64B8FC728E89D24" 1 0 0 302 09/04 18:21:08
IN 1 af_company_string 5.0 piyaphong.t ah18itpc0060 "" 1 5 0 170 09/04 18:21:08
OUT af_solver_addon 5.0 3 piyaphong.t ah18itpc0060 "1601A42777E7BC7B8A9050F431D490E3" 1 1 0 171 171 107cc "" "" "" 09/04 18:22:24
OUT af_company_string 5.0 1 piyaphong.t ah18itpc0060 "" 1 6 0 303 303 107cc "" "" "" 09/04 18:22:25
IN 1 af_solver_addon 5.0 piyaphong.t ah18itpc0060 "1601A42777E7BC7B8A9050F431D490E3" 1 0 0 171 09/04 18:31:10
IN 1 af_company_string 5.0 piyaphong.t ah18itpc0060 "" 1 5 0 303 09/04 18:31:10
09/04/2025 18:32
IN 1 af_company_string 5.0 piyaphong.t ah18itpc0060 "yRMsRRYVZJv-T64FiXQKSX_Nm6iFBqDy" 1 4 0 2ae 09/04 18:52:30
IN 1 af_company_string 5.0 apichart.c ah18itpc0070 "torodQw_lCry5rnRWXZfTIC3juGLmXF6" 1 3 0 19b 09/04 18:57:56
IN 1 af_company_string 5.0 apichart.c ah18itpc0070 "torodQw_lCry5rnRWXZfTIC3juGLmXF6" 1 2 0 e7 09/04 18:58:08
IN 1 af_company_string 5.0 apichart.c ah18itpc0070 "torodQw_lCry5rnRWXZfTIC3juGLmXF6" 1 1 0 4f1 09/04 18:58:19
IN 1 af_autoform_seat_nu 5.0 apichart.c ah18itpc0070 "torodQw_lCry5rnRWXZfTIC3juGLmXF6" 1 1 0 6c 09/04 18:58:19
IN 1 af_explorer_addon_nu 5.0 apichart.c ah18itpc0070 "torodQw_lCry5rnRWXZfTIC3juGLmXF6" 1 0 0 5ba 09/04 18:58:19
IN 1 af_stampingadviser_addon_nu 5.0 apichart.c ah18itpc0070 "torodQw_lCry5rnRWXZfTIC3juGLmXF6" 1 0 0 473 09/04 18:58:19
IN 1 af_diedesigner_addon_nu 5.0 apichart.c ah18itpc0070 "torodQw_lCry5rnRWXZfTIC3juGLmXF6" 1 1 0 384 09/04 18:58:19
IN 1 af_compensator_addon_nu 5.0 apichart.c ah18itpc0070 "torodQw_lCry5rnRWXZfTIC3juGLmXF6" 1 0 0 9b 09/04 18:58:19
09/04/2025 19:02
IN 1 af_company_string 5.0 piyaphong.t ah18itpc0060 "yRMsRRYVZJv-T64FiXQKSX_Nm6iFBqDy" 1 0 0 51a 09/04 19:18:41
IN 1 af_autoform_seat_nu 5.0 piyaphong.t ah18itpc0060 "yRMsRRYVZJv-T64FiXQKSX_Nm6iFBqDy" 1 0 0 56b 09/04 19:18:41
IN 1 af_explorer_addon_nu 5.0 piyaphong.t ah18itpc0060 "yRMsRRYVZJv-T64FiXQKSX_Nm6iFBqDy" 1 0 0 125 09/04 19:18:41
IN 1 af_stampingadviser_addon_nu 5.0 piyaphong.t ah18itpc0060 "yRMsRRYVZJv-T64FiXQKSX_Nm6iFBqDy" 1 0 0 263 09/04 19:18:41
IN 1 af_diedesigner_addon_nu 5.0 piyaphong.t ah18itpc0060 "yRMsRRYVZJv-T64FiXQKSX_Nm6iFBqDy" 1 0 0 5d3 09/04 19:18:41
AUTH: 19 60p0450ax14me8p56j56mjre2t7jv1p9ffp8n6r22ht78hgbqaj24vq14g7tc5903gcbf83748
OUT af_company_string 5.0 1 piyaphong.t ah18itpc0060 "2UAX5Eavbo88wI6iq1bEjURP3aAhz1_d" 1 1 0 5d4 5d4 12844 "" "" "" 09/04 19:25:58
IN 2 af_company_string 5.0 piyaphong.t ah18itpc0060 "2UAX5Eavbo88wI6iq1bEjURP3aAhz1_d" 1 0 0 5d4 09/04 19:27:54
09/04/2025 19:32
OUT af_company_string 5.0 1 apichart.c aits25a1nb0300 "GMsHOiuXHoEFQzBr6o3i2Jtg3brVvdSk" 1 3 0 e8 e8 10864 "" "" "" 09/04 19:33:14
IN 1 af_company_string 5.0 apichart.c aits25a1nb0300 "GMsHOiuXHoEFQzBr6o3i2Jtg3brVvdSk" 1 2 0 9c 09/04 19:48:30
IN 1 af_autoform_seat_nu 5.0 apichart.c aits25a1nb0300 "GMsHOiuXHoEFQzBr6o3i2Jtg3brVvdSk" 1 1 0 385 09/04 19:48:30
IN 1 af_explorer_addon_nu 5.0 apichart.c aits25a1nb0300 "GMsHOiuXHoEFQzBr6o3i2Jtg3brVvdSk" 1 0 0 474 09/04 19:48:30
IN 1 af_stampingadviser_addon_nu 5.0 apichart.c aits25a1nb0300 "GMsHOiuXHoEFQzBr6o3i2Jtg3brVvdSk" 1 0 0 5bb 09/04 19:48:30
IN 1 af_diedesigner_addon_nu 5.0 apichart.c aits25a1nb0300 "GMsHOiuXHoEFQzBr6o3i2Jtg3brVvdSk" 1 1 0 6d 09/04 19:48:30
IN 1 af_compensator_addon_nu 5.0 apichart.c aits25a1nb0300 "GMsHOiuXHoEFQzBr6o3i2Jtg3brVvdSk" 1 0 0 4f2 09/04 19:48:30
IN 1 af_company_string 5.0 apichart.c aits25a1nb0300 "GMsHOiuXHoEFQzBr6o3i2Jtg3brVvdSk" 1 1 0 e8 09/04 19:48:35
OUT af_company_string 5.0 1 apichart.c aits25a1nb0300 "sVNk5TR9H9Vv2t-QBBl7CXejzuVREbUb" 1 2 0 e9 e9 b838 "" "" "" 09/04 19:48:45
OUT af_autoform_seat_nu 5.0 9 apichart.c aits25a1nb0300 "sVNk5TR9H9Vv2t-QBBl7CXejzuVREbUb" 1 2 0 4f3 4f3 b838 "" "" "" 09/04 19:49:11
OUT af_explorer_addon_nu 5.0 14 apichart.c aits25a1nb0300 "sVNk5TR9H9Vv2t-QBBl7CXejzuVREbUb" 1 1 0 6e 6e b838 "" "" "" 09/04 19:49:11
OUT af_stampingadviser_addon_nu 5.0 16 apichart.c aits25a1nb0300 "sVNk5TR9H9Vv2t-QBBl7CXejzuVREbUb" 1 1 0 5bc 5bc b838 "" "" "" 09/04 19:49:11
OUT af_diedesigner_addon_nu 5.0 12 apichart.c aits25a1nb0300 "sVNk5TR9H9Vv2t-QBBl7CXejzuVREbUb" 1 2 0 475 475 b838 "" "" "" 09/04 19:49:11
OUT af_compensator_addon_nu 5.0 17 apichart.c aits25a1nb0300 "sVNk5TR9H9Vv2t-QBBl7CXejzuVREbUb" 1 1 0 386 386 b838 "" "" "" 09/04 19:49:11
IN 1 af_company_string 5.0 apichart.c aits25a1nb0300 "sVNk5TR9H9Vv2t-QBBl7CXejzuVREbUb" 1 1 0 e9 09/04 19:49:43
IN 1 af_autoform_seat_nu 5.0 apichart.c aits25a1nb0300 "sVNk5TR9H9Vv2t-QBBl7CXejzuVREbUb" 1 1 0 4f3 09/04 19:49:43
IN 1 af_explorer_addon_nu 5.0 apichart.c aits25a1nb0300 "sVNk5TR9H9Vv2t-QBBl7CXejzuVREbUb" 1 0 0 6e 09/04 19:49:43
IN 1 af_stampingadviser_addon_nu 5.0 apichart.c aits25a1nb0300 "sVNk5TR9H9Vv2t-QBBl7CXejzuVREbUb" 1 0 0 5bc 09/04 19:49:43
IN 1 af_diedesigner_addon_nu 5.0 apichart.c aits25a1nb0300 "sVNk5TR9H9Vv2t-QBBl7CXejzuVREbUb" 1 1 0 475 09/04 19:49:43
IN 1 af_compensator_addon_nu 5.0 apichart.c aits25a1nb0300 "sVNk5TR9H9Vv2t-QBBl7CXejzuVREbUb" 1 0 0 386 09/04 19:49:43
IN 1 af_company_string 5.0 piyaphong.t ah18itpc0060 "soOwmKYDbWqHZJhnWz7QUb2IpCnpoGhJ" 1 0 0 5d5 09/04 19:58:12
IN 1 af_autoform_seat_nu 5.0 piyaphong.t ah18itpc0060 "soOwmKYDbWqHZJhnWz7QUb2IpCnpoGhJ" 1 0 0 264 09/04 19:58:12
IN 1 af_explorer_addon_nu 5.0 piyaphong.t ah18itpc0060 "soOwmKYDbWqHZJhnWz7QUb2IpCnpoGhJ" 1 0 0 126 09/04 19:58:12
IN 1 af_stampingadviser_addon_nu 5.0 piyaphong.t ah18itpc0060 "soOwmKYDbWqHZJhnWz7QUb2IpCnpoGhJ" 1 0 0 56c 09/04 19:58:12
IN 1 af_diedesigner_addon_nu 5.0 piyaphong.t ah18itpc0060 "soOwmKYDbWqHZJhnWz7QUb2IpCnpoGhJ" 1 0 0 51b 09/04 19:58:12
09/04/2025 20:02
09/04/2025 20:33
09/04/2025 21:03
09/04/2025 21:34
09/04/2025 22:04
09/04/2025 22:35
09/04/2025 23:05
09/04/2025 23:36
AUTH: 20 60pg450qjhr85b4ewnsmv22dkrafbmwfej0yk5822m0a57nk6tncna9ek3ur3d36pvq117t853t0

SWITCH to C:\Users\ahroot\Documents\Logfile.rlog
END 09/05/2025 00:00:53
AUTH: 21 60q04580jr9qj46ngvwydh2cvsjdmmgvfb82ag4b08ag13k81e5ugrc09d28uspfuxanxhn2jsbx6
